P00001606T0076|14 33|alkaline phosphatases
P00001606T0076|37 50|5-nucleotidase
P00008997A0472|4 6|CSF
P00008997A0472|50 50|K
P00013683A0210|18 20|CO2
P00013683A0210|54 57|VCO2
P00015731A0090|36 52|carbonic anhydrase
P00015731A0090|198 200|CO2
P00024600A0522|11 13|HMG
P00025557A0100|7 9|CO2
P00027739T0000|0 28|Serum gamma glutamyltransferase
P00027967A0207|11 31|secretory HI antibodies
P00027967A0207|20 31|HI antibodies
P00029953T0045|17 22|lipase
P00030183T0000|33 38|HLA-B5
P00030937A0119|0 3|SGPT
P00030937A0119|5 8|SGOT
P00030937A0119|13 31|alkaline phosphatase
P00033873T0001|0 26|Gamma glutamyl transpeptidase
P00033873T0001|28 31|GGTP
P00038408T0000|22 47|central alpha-autoreceptors
P00038408T0000|89 94|FLA 136
P00050628A0202|2 4|IgG
P00052597T0000|9 23|immunoglobulin E
P00054900A0226|0 9|Peroxydase
P00054900A0226|37 57|chloroacetate esterase
P00055040A0000|89 90|IF
P00055040A0000|116 125|fibrinogen
P00055040A0000|127 132|fibrin
P00055040A0000|158 167|FR-antigen
P00055040A0000|238 241|HPF)
P00055040A0000|243 254|cryoglobulin
P00055040A0000|263 278|plasma fibrinogen
P00055040A0000|269 278|fibrinogen
P00056901A0308|10 21|human albumin
P00066874T0000|26 41|alpha fetoprotein
P00072928T0000|0 13|Serum-ferritin
P00073344A0367|41 51|lymphocytes
P00083846T0000|0 6|Albumin
P00088391A0181|14 21|factor IX
P00088391A0181|64 71|factor IX
P00089778A0000|18 37|alpha 2-macroglobulin
P00089778A0000|39 56|alpha 1-antitrypsin
P00089778A0000|58 68|plasminogen
P00089778A0000|70 82|C3-complement
P00089778A0000|70 71|C3
P00089778A0000|84 93|fibrinogen
P00089778A0000|114 116|FDP
P00096241A0087|5 8|FT4I
P00100540T0000|44 66|platelet cyclo-oxygenase
P00101300A0257|37 38|T1
P00101300A0257|40 41|T2
P00101300A0257|43 44|T3
P00101300A0257|46 47|N0
P00101300A0257|49 50|N1
P00105401A0635|11 13|CBZ
P00105401A0635|17 19|DPH
P00105401A0635|52 65|thyroid hormone
P00105401A0635|75 77|TBG
P00105401A0635|204 206|FT4
P00105401A0635|210 212|FT3
P00105903A0288|67 72|PEG 400
P00111174A0351|155 155|c
P00118044A0000|83 84|M2
P00118044A0000|89 90|M3
P00122718A0500|13 20|MRF units
P00129659T0000|79 81|IQs
P00133214T0064|40 43|USSR
P00139624A0318|48 65|serum ceruloplasmin
P00150066A0100|6 20|human fibrinogen
P00150066A0100|11 20|fibrinogen
P00150066A0100|52 59|thrombin
P00154430A0906|89 114|1.8 kb HindIII-EcoRI fragment
P00154430A0906|94 114|HindIII-EcoRI fragment
P00173860A0475|37 45|aflatoxin
P00176742T0000|42 56|cellular enzymes
P00188387A0975|9 20|lipoproteins
P00201881A0487|63 68|PI ACTH
P00201881A0487|65 68|ACTH
P00201881A0487|72 74|MSH
P00209664A0836|33 34|LH
P00211881A0602|126 128|PBB
P00216939T0001|32 61|tricarboxylic acid dehydrogenase
P00219565A0172|14 30|hepatitis B antigen
P00221725A0523|25 41|cytochrome oxidase
P00221725A0523|43 52|peroxidase
P00222102A0227|57 76|vitamin-D-3 and 1 alpha
P00222102A0227|57 67|vitamin-D-3
P00222102A0227|71 76|1 alpha
P00224013A0661|335 359|beta-Vasodilator receptors
P00227393T0000|12 45|25-hydroxyvitamin D3-24-hydroxylase
P00227393T0000|63 90|cytochrome P-450 monooxygenase
P00227610A1593|31 37|DBP mRNA
P00231555T0001|74 77|ACTH
P00232354A0286|0 8|Serum ACTH
P00232354A0286|5 8|ACTH
P00232354A0286|24 30|insulin
P00232456T0000|12 21|RNA and gene
P00232456T0000|32 35|MC29
P00232456T0000|39 41|MH2
P00232456T0000|127 143|transforming genes
P00234264A0164|0 26|Gamma glutamyl transpeptidase
P00239169T0000|0 15|Dopamine receptor
P00261981A0434|23 34|somatomedin A
P00264240A1843|50 56|5S genes
P00264240A1843|152 170|X. laevis oocyte 5S DNA
P00304806A0760|12 24|serum alpha1AT
P00331128A0000|17 26|calcitonin
P00331936T0000|11 35|anti-lymphocyte antibodies
P00331936T0000|44 59|immunoperoxidase
P00331936T0000|60 71|antiglobulin
P00336354A0543|13 19|serum GH
P00336354A0543|18 19|GH
P00336354A0543|59 65|insulin
P00336547A0000|130 132|ICR
P00336547A0000|264 264|c
P00336547A0000|266 268|CBA
P00336547A0000|270 272|LAC
P00336547A0000|277 279|C3H
P00336547A0000|281 282|eB
P00342623A0228|49 60|type B antigen
P00369397A0280|5 7|FSH
P00369397A0280|11 12|LH
P00369397A0280|56 59|GnRH
P00369397A0280|82 84|FSH
P00369397A0280|88 89|LH
P00377466A0188|19 36|luteinizing hormone
P00377466A0188|38 39|LH
P00377466A0188|42 67|follicle stimulating hormone
P00377466A0188|69 71|FSH
P00377466A0188|74 82|prolactin
P00377466A0188|84 87|HPRL
P00377466A0188|101 102|E2
P00378492A0475|98 108|plasma renin
P00383169A0000|46 61|dopamine receptor
P00385457A0187|20 25|pepsin
P00393598A0198|47 49|ALS
P00413854A0958|15 18|PCO2
P00420460A0291|65 69|renin
P00427715A0000|65 76|Stages I and II
P00427715A0000|78 78|A
P00427715A0000|82 82|B
P00429949A0000|103 116|human prolactin
P00429949A0000|195 197|IRP
P00429949A0000|201 214|human prolactin
P00431832T0001|42 53|beta receptor
P00432615A0541|85 103|bovine gammaglobulin
P00432615A0541|167 170|RIST
P00445259T0000|0 12|Serum ferritin
P00445259T0000|5 12|ferritin
P00453780A0430|20 22|IgA
P00453780A0430|155 157|IgA
P00454780A0340|81 84|Ta 6 V
P00464387A1185|30 32|IgE
P00465681A0000|7 16|hemoglobin
P00473249T0000|40 52|streptolysin O
P00474064A0205|130 136|R 39 209 5
P00481612A1121|17 31|opiate receptors
P00497494A0112|32 36|PACO2
P00499588T0000|49 55|insulin
P00503336A0285|81 115|alkaline phosphatase and transaminases
P00503336A0285|81 99|alkaline phosphatase
P00506649T0000|19 40|serum protein components
P00510341T0036|17 19|T.C
P00512215A0000|58 58|L
P00512215A0000|60 61|f2
P00512215A0000|63 64|f1
P00512215A0000|110 111|f1
P00512215A0000|113 114|f2
P00512215A0000|116 117|f1
P00512215A0000|136 137|L1
P00512215A0000|139 140|L2
P00517890A0468|50 59|hepatitis A
P00521732T0000|81 97|steroid sulphatase
P00528144T0000|11 21|transferrin
P00534613A0000|36 39|UV-A
P00534613A0000|95 102|collagen
P00555492A1034|1 1|5
P00557559A0170|21 37|alpha-(3-methyl-2
P00565136T0000|55 58|CH2O
P00565136T0000|70 72|Br2
P00569989A0239|105 107|dPn
P00589073A0000|15 29|plasma prolactin
P00589073A0000|21 29|prolactin
P00593119T0001|42 44|IgE
P00593119T0001|75 102|allergospecific IgE antibodies
P00594617A0192|89 91|FDP
P00594617A0192|171 184|fibrin monomers
P00597715A0256|79 81|FSH
P00598012A0174|7 15|prolactin
P00598012A0174|84 92|prolactin
P00601401A0181|6 15|hemoglobin
P00601401A0181|104 106|Po2
P00603783A0647|13 15|IgG
P00603783A0647|19 21|IgM
P00603783A0647|77 79|IgA
P00606849T0000|41 53|thromboxane A2
P00618078A0367|14 21|lysozyme
P00619782A0058|94 97|UV-A
P00622556A0111|16 23|collagen
P00627129A0944|165 191|alpha-and beta-adrenoceptors
P00635143T0001|8 19|strontium-90
P00637637T0000|3 17|multiple factors
P00637637T0000|27 37|plasma renin
P00656008T0000|41 59|superoxide dismutase
P00665053A0276|49 50|H1
P00668122A0414|101 122|liver ferritin molecules
P00668122A0414|106 113|ferritin
P00676790T0000|0 10|Angiotensin
P00696858A0000|22 36|porcine secretin
P00701462A0722|0 14|Urine antibodies
P00702773A0327|88 90|GFR
P00704675A0199|9 11|UO2
P00710372A0302|82 83|GH
P00715753A0241|10 14|CK-MB
P00715753A0241|59 61|CPK
P00715753A0241|115 119|CK-MB
P00716366T0001|22 50|alkaline phosphatase isoenzymes
P00725257A0452|32 32|E
P00725534A0888|40 47|M. leprae
P00725534A0888|66 68|IgA
P00725534A0888|139 141|IgA
P00725752T0001|44 65|adrenergic beta receptor
P00748978T0000|0 11|Serum relaxin
P00753237A0000|90 93|PAIN
P00753237A0000|162 164|PPU
P00753237A0000|481 483|PPU
P00759049A0185|93 96|ICSH
P00759400T0000|18 22|5-HT)
P00759400T0000|26 44|5-HT releasing factor
P00767161A0837|31 32|E2
P00779272T0001|32 48|Epstein-Barr virus
P00780639X0000|0 22|Carcinoembryonic antigen
P00780639X0000|24 26|CEA
P00792847A0000|21 42|antilymphocyte globulin
P00792847A0000|44 46|ALG
P00812183T0000|0 23|Dialyzable transfer factor
P00812183T0000|10 23|transfer factor
P00818380A0239|0 15|Rheumatoid factor
P00818380A0239|19 37|antinuclear antibody
P00830568A0000|160 165|STG-BI
P00830568A0000|191 197|STG-BII
P00837811A0675|61 73|gamma globulin
P00846559A0000|55 66|U.S.S.R. and 7
P00846559A0000|187 194|T-2 toxin
P00857024A0888|76 84|properdin
P00866577A0579|21 41|plasminogen activators
P00877857A0763|0 11|Serum amylase
P00877857A0763|5 11|amylase
P00879329A0176|88 90|Pci
P00879329A0176|148 150|IIp
P00881630A0000|70 86|Direct Lytic Factor
P00881630A0000|90 104|Phospholipase-A
P00898500A0246|143 153|IgE antibody
P00909114A0000|19 21|DAN
P00917572T0001|14 16|TSH
P00918556A0000|15 38|hepatitis B surface antigen
P00918556A0000|40 44|HBsAg
P00918556A0000|49 56|anti-HBs
P00918965A0728|171 174|PAO2
P00920381T0000|9 23|cardiac glycogen
P00930947A0629|78 80|PZA
P00932738A0116|25 26|BP
P00932738A0116|25 26|BP
P00932738A0116|37 39|C02
P00932817A0499|0 9|Iodine-123
P00932817A0499|44 46|MEC
P00938594A0149|169 170|RA
P00947327A0000|155 157|TMP
P00947327A0000|155 157|TMP
P00947327A0000|266 267|N1
P00947834X0000|13 15|IgE
P00954819A1041|128 131|AChE
P00956554A0414|95 107|IgE antibodies
P00959656A0250|39 53|antithrombin III
P00970320A0000|64 66|SO2
P00970488A0105|75 84|DA receptor
P00980255T0000|16 24|2-deoxy-D
P00984209A0614|5 11|gastrin
P00984209A0614|67 73|gastrin
P00985279A0493|15 24|hemoglobin
P00986925A0002|11 20|calcitonin
P00986925A0002|70 77|glucagon
P00988572A0000|36 39|PLO2
P00989973A0000|22 31|fibrinogen
P00989973A0000|106 114|endotoxin
P00993176A0066|5 13|myoglobin
P00993176A0066|35 44|hemoglobin
P00993176A0066|116 125|hemoglobin
P01000378T0000|22 29|glucagon
P01000378T0000|33 39|insulin
P01004298A0744|34 44|CA component
P01009451A0728|23 24|UB
P01019207A0232|87 89|lgC
P01021091T0000|73 108|2--phenylalanine-8-lysine vasopressin
P01021091T0000|110 120|Octapressin
P01048968A0152|108 121|beta-lactamase
P01078982A0227|69 90|antilymphocyte globulin
P01078982A0227|92 94|ALG
P01078982A0227|109 111|ALG
P01081904A0198|0 5|Fibrin
P01082726A0248|44 49|DC-ERG
P01082726A0248|44 45|DC
P01082726A0248|47 49|ERG
P01083375T0000|0 17|Alpha-1 antitrypsin
P01083784T0000|25 32|serum IgE
P01083784T0000|30 32|IgE
P01090210A0417|196 198|H20
P01093845A0208|27 33|Delta-9
P01098592A0567|0 2|IgG
P01113908A0475|30 41|transferrin 2
P01116466A0185|0 13|Thromboplastin
P01116466A0185|26 39|thromboplastin
P01116466A0185|45 52|thrombin
P01116466A0185|58 77|heat-dependent fibrin
P01116466A0185|97 113|clotting factors II
P01116466A0185|115 120|V, VIII
P01116466A0185|122 123|IX
P01116466A0185|125 125|X
P01119658A0000|205 207|N2A
P01119658A0000|211 213|N2B
P01123658A0000|137 139|L-4
P01130186A0568|47 53|insulin
P01130531A0224|71 73|CBF
P01140184A0342|48 61|epoxide hydrase
P01150658A0683|39 61|human luteinizing hormone
P01158512T0000|0 31|Glucose-6-phosphate dehydrogenase
P01158512T0000|0 8|Glucose-6
P01158512T0000|33 35|G-6
P01158512T0000|37 38|PD
P01159822A0353|111 121|nuclear axes
P01168607A0672|86 96|prothrombin
P01168607A0672|104 117|serum vitamins A
P01171935A0313|134 153|dopamine receptor site
P01172734T0035|15 22|HL-A W-27
P01190120A0832|39 52|thromboplastin
P01191964A0000|177 179|T-4
P01191964A0000|258 269|thyrotrophin
P01206772T0000|21 31|lymphocytes
P01224116A0576|35 54|serum immunoglobulins
P01224116A0576|63 65|IgG
P01228882A0437|63 80|CSF immunoglobulins
P01241866A0682|1 1|5
P01243628A0286|44 65|blood carboxyhemoglobin
P01243628A0286|49 65|carboxyhemoglobin
P01243628A0286|67 70|COHb
P01249198A1097|3 10|serum FT3
P01256410T0001|16 31|factor II molecule
P01265887T0001|8 17|factor VIII
P01275541A0405|21 23|CPK
P01276105A0313|14 20|insulin
P01278251A0000|130 132|TPB
P01279352A0297|8 10|PAL
P01279352A0473|124 142|PROX and PAL sequences
P01279352A1197|16 28|NF(H) promoter
P01279352A1197|133 162|beta-galactosidase reporter gene
P01279374A0396|118 123|PET122
P01280807A0575|18 41|MetRS/CAU operator complex
P01280807A0575|18 22|MetRS
P01280807A0575|24 41|CAU operator complex
P01280807A0575|80 103|ThrRS/CGU operator complex
P01280807A0575|80 96|ThrRS/CGU operator
P01280807A0575|80 84|ThrRS
P01281472T0000|20 29|glycogenin
P01281771T0000|21 50|human gene encoding cytokeratin 17
P01281771T0000|21 29|human gene
P01281771T0000|38 50|cytokeratin 17
P01284032A0213|0 1|AP
P01284595A0102|54 64|Y-231 cosmid
P01284595A0102|54 54|Y
P01284595A0102|77 92|CpG rich sequences
P01284828T0001|0 25|Tissue plasminogen activator
P01285009A0000|26 43|human growth hormone
P01285009A0000|90 109|mouse metallothionein
P01285009A0000|111 113|mMT
P01285009A0000|116 135|viral thymidine kinase
P01285009A0000|137 139|vTK
P01285009A0000|142 159|rat cholecystokinin
P01285009A0000|161 164|rCCK
P01285009A0000|169 185|chicken beta-actin
P01285358A0396|5 11|gastrin
P01285358A0396|15 17|AFP
P01287197A0761|213 214|po
P01294345A0591|128 136|prolactin
P01295373A0651|65 66|SE
P01296815A0059|16 24|human gene
P01296815A0059|31 34|LD78
P01296815A0059|42 50|LD78 gamma
P01296815A0059|88 109|5'-truncated pseudogene
P01297332A0983|44 47|SCBs
P01297332A0983|68 71|SWI4
P01297332A0983|73 88|6-dependent genes
P01297332T0000|21 31|DNA sequence
P01300914A1066|191 194|ACRV
P01301171A0979|35 55|c-myc bearing sequences
P01301171A0979|35 39|c-myc
P01301171A0979|58 68|chromosome 8
P01309244A0798|125 144|heterologous promoter
P01309587A0715|31 43|BMRF1 promoter
P01309587A0715|49 49|Z
P01309587A0715|49 49|Z
P01309587A0715|51 55|c-myb
P01309587A0715|51 55|c-myb
P01309587A0715|101 108|Z protein
P01309587A0715|118 129|c-myb protein
P01309593A0095|3 17|UCR core sequence
P01309593A0095|35 57|ubiquitous nuclear factor
P01309593A0095|89 100|MuLV promoter
P01309593A1092|20 24|UCRBP
P01309593A1092|73 80|UCR motif
P01309593A1092|85 126|adeno-associated virus P5 promoter and elements
P01309593A1092|85 115|adeno-associated virus P5 promoter
P01309593A1092|132 170|immunoglobulin light- and heavy-chain genes
P01309593A1092|190 210|ribosomal protein genes
P01309815A0972|12 25|scr1-1 mutation
P01309815A0972|130 132|AEP
P01309860A0559|103 115|mouse L1 family
P01309860A0559|103 109|mouse L1
P01309894A0807|4 8|Rep78
P01309894A0807|12 41|Rep68 cut the terminal AAV sequence
P01309894A0807|12 16|Rep68
P01309910A0428|38 55|TAR-binding protein
P01309910A0428|74 85|CREB2 protein
P01310154A0879|28 51|N- and C-terminal mutations
P01310154A0879|33 51|C-terminal mutations
P01310154A0879|89 98|FBR protein
P01310154A0879|203 212|FBR protein
P01310178A0876|30 34|gp0.7
P01310178A0876|91 120|30-kDa gp0.7-related polypeptide
P01310178A0876|138 159|11-kDa C-terminal domain
P01310178A0876|144 159|C-terminal domain
P01310879A0000|56 58|HAT
P01310899A0339|38 69|cysteine-rich extracellular domain
P01310899A0339|122 160|cytoplasmic serine/threonine kinase domain
P01310899A0339|122 154|cytoplasmic serine/threonine kinase
P01310935T0000|0 14|Drosophila UbcD1
P01310935T0000|23 64|highly conserved ubiquitin-conjugating enzyme
P01310935T0000|38 64|ubiquitin-conjugating enzyme
P01312005A0600|49 52|MDP1
P01312005A0600|103 138|L-strand sequence-specific target sites
P01312005A0600|103 118|L-strand sequence
P01312005A0600|270 270|H
P01313715A0461|84 91|rp47phox
P01313715A0461|97 100|HL60
P01313715A0461|143 159|Epstein-Barr virus
P01313715A0461|212 218|p47phox
P01313846A0850|42 48|Tactile
P01313846A0850|63 91|immunoglobulin gene superfamily
P01313846A0850|109 125|Drosophila amalgam
P01313846A0850|130 145|melanoma Ag MUC-18
P01313846A0850|159 182|carcinoembryonic Ag family
P01313846A0850|187 204|poliovirus receptor
P01313846A0850|212 237|neural cell adhesion molecule
P01313894A1179|54 62|LMP2B mRNA
P01313909A0526|18 21|ICP0
P01313909A0526|70 83|wild-type virus
P01313909A0526|104 122|ICP0-coding sequence
P01313909A0526|104 107|ICP0
P01313909A0526|162 174|wild type-like
P01314457T0000|131 147|Epstein-Barr virus
P01314841A0724|13 14|MK
P01314841A0724|48 50|EEG
P01314953A1266|60 63|HAP2
P01314953A1266|66 69|HAP3
P01314953A1266|90 93|hap3
P01315706A0000|42 61|adenovirus E1a protein
P01315706A0000|67 85|rat L6 muscle cell line
P01316125A0176|38 39|O2
P01316125A0382|82 83|O2
P01316125A0382|82 83|O2
P01316125A0382|188 191|BHPD
P01316461A1083|23 24|S2
P01316461A1083|67 68|S2
P01316476A0842|13 25|TATA sequences
P01316476A0842|53 80|VZV transcriptional start sites
P01316476A1428|3 10|ORF 4 gene
P01316476A1428|40 48|ORF 62 gene
P01316680A0643|17 22|IR5 ORF
P01316680A0643|25 29|EHV-1
P01316680A0643|101 124|consensus zinc finger motif
P01316680A0643|110 124|zinc finger motif
P01316680A0643|143 150|H-X2-4-C
P01316680A0643|152 152|H
P01316900A0000|3 13|DNA sequence
P01316900A0000|45 63|Escherichia coli K-12
P01316900A0000|60 63|K-12
P01316903A0296|25 39|RNA polymerase II
P01316903A0296|52 54|IIA
P01316903A0296|96 98|IIO
P01316903A1040|0 15|RNA polymerase IIA
P01316903A1040|0 15|RNA polymerase IIA
P01317376A0981|0 11|Fructokinase
P01317376A0981|119 125|frk mRNA
P01318310A0000|61 82|high density lipoprotein
P01318310A0000|84 86|HDL
P01320255A0795|74 83|L1 sequence
P01320255A0795|90 102|nuclear factor
P01320255A0795|158 164|human L1
P01320640A0336|38 59|neuron-specific enolase
P01320640A0336|61 67|insulin
P01320640A0336|69 76|glucagon
P01320640A0336|80 82|VIP
P01321277A0342|26 28|src
P01321277A0342|42 44|ros
P01321277A0342|52 54|SRC
P01321277A0342|56 58|ROS
P01321277A0342|141 143|UR2
P01321277A0664|0 2|ROS
P01321277A0664|4 6|SRC
P01321277A0664|8 8|R
P01321277A0664|66 84|transmembrane domain
P01321277A0664|87 89|ros
P01321280A0494|31 32|E6
P01321280A0494|31 32|E6
P01321280A0494|36 49|E7 gene products
P01321280A0494|61 65|BPV-1
P01321280A0494|61 65|BPV-1
P01321280A0494|165 171|BPV-1 E6
P01321280A0494|175 190|E7 fusion proteins
P01321280A0494|175 176|E7
P01321332A0970|69 76|RXR alpha
P01321332A0970|106 127|apoAI gene basal promoter
P01321332A0970|168 169|RA
P01321332A0970|241 245|ARP-1
P01321336A0731|19 26|ALF1 cDNA
P01321337A0318|156 175|mammalian calcineurin
P01321337A0318|218 234|bovine calcineurin
P01321337A1161|26 29|MATa
P01321337A1161|30 33|cna1
P01321337A1161|34 37|cna2
P01321337A1161|52 55|MATa
P01321337A1161|56 66|cnb1 mutants
P01321337A1161|107 118|alpha-factor
P01324172A0880|44 47|RIM1
P01324385A0329|8 20|IgG antibodies
P01324385A0329|23 27|HHV-6
P01324385A0329|29 38|anti-HHV-6
P01324385A0329|40 42|IgG
P01324385A0329|130 134|HIV-1
P01324385A0329|171 173|CDC
P01324404A0813|93 108|carboxyl terminus
P01324404A0813|114 129|HNF-3 beta protein
P01324404A1208|0 31|HNF-3 beta amino-terminal sequences
P01324404A1208|139 156|region II-III domain
P01324406A1250|27 44|ATPase/DNA helicase
P01324406A1250|27 32|ATPase
P01324406A1250|34 44|DNA helicase
P01325221A0870|59 84|M-phase-activated MBP kinase
P01325221A0870|104 115|p41 MAP kinase
P01325386A0766|3 8|hit1-1
P01325386A0766|44 64|74-kD heat shock protein
P01326329A0703|44 50|CAP site
P01326329A0703|146 155|CCAAT boxes
P01326329A0703|157 173|activator protein 2
P01326329A0703|175 184|Ap-2) sites
P01326329A0703|193 222|glucocorticoid response elements
P01326329A0703|224 227|GREs
P01326329A0703|240 264|cyclic AMP response elements
P01326329A0703|266 269|CREs
P01327758A0000|13 34|bovine papillomavirus-1
P01327758A0000|36 40|BPV-1
P01327758A0000|56 72|viral gene products
P01327758A0000|77 85|E1 protein
P01327758A0000|92 111|full-length E2 protein
P01328197A0985|27 44|MAP kinase activator
P01328197A0985|46 54|MAP kinase
P01328197A0985|91 93|ras
P01328219A1397|0 5|NSCL-1
P01328681A0149|6 24|LTR-binding proteins
P01328681A0149|47 51|c-myc
P01328681A0149|120 138|LTR-binding proteins
P01328854T0000|7 15|MEF-2 site
P01328854T0000|78 99|muscle-specific subunit
P01328854T0000|105 135|human phosphoglycerate mutase gene
P01328884T0000|40 58|MHC class II molecules
P01329039A0239|11 15|E-box
P01329039A0239|86 92|E-boxes
P01329039A0239|126 137|bHLH proteins
P01329039A0951|47 58|TnI enhancers
P01329039A0951|69 75|E-boxes
P01329039A0951|90 105|MCK left E-box site
P01329039A0951|115 128|Ig kappa E2 E-box
P01330077A0000|0 17|T-cell receptor beta
P01330077A0000|19 30|TCR beta) gene
P01330309A1134|30 33|MyoD
P01330309A1134|37 58|myogenin fusion proteins
P01331057A0000|24 28|COX12
P01331057A0000|33 43|nuclear gene
P01331057A0000|59 99|Saccharomyces cerevisiae cytochrome c oxidase
P01331057A0000|82 99|cytochrome c oxidase
P01331060A0768|17 32|calcineurin A gene
P01331060A0768|17 28|calcineurin A
P01331086T0000|26 62|murine cytochrome c oxidase subunit IV gene
P01331086T0000|26 58|murine cytochrome c oxidase subunit IV
P01331086T0000|90 98|ets motifs
P01331086T0000|109 140|GABP-related transcription factors
P01331501A0397|49 68|pRB-binding sequences
P01331501A0397|71 73|E1A
P01331501A0397|105 108|p107
P01331501A0397|110 116|cyclin A
P01331501A0397|121 124|p130
P01331516A0103|75 88|wild-type virus
P01331516A0103|115 125|C2 myoblasts
P01332964A0247|3 17|minimal promoter
P01332964A0247|23 33|RII beta gene
P01333035T0000|10 39|cAMP receptor protein contact site
P01333035T0000|10 28|cAMP receptor protein
P01333035T0000|45 56|alpha subunit
P01333035T0000|59 86|Escherichia coli RNA polymerase
P01333047A0404|14 34|epidermal growth factor
P01333047A0404|37 64|platelet-derived growth factor
P01333047A0404|126 135|Nck protein
P01333053A0110|22 43|steroid hydroxylase gene
P01333053A0110|97 119|pituitary peptide hormone
P01333053A0110|121 124|ACTH
P01333125A0000|118 137|5' untranslated region
P01333317A1008|38 40|Sp1
P01333317A1008|66 92|s), proximal regulatory factor
P01333317A1008|94 96|s) I
P01333317A1008|98 102|PRF-I
P01334428A1102|26 43|src-related peptide
P01334428A1102|52 54|Glu
P01334493A0289|20 23|HGFr
P01334493A0289|25 29|sHGFr
P01334493A0289|36 38|HGF
P01334493A0289|81 107|membrane-associated receptor
P01334518T0000|57 82|human immunodeficiency virus
P01337142A2043|8 45|human glycoprotein alpha-subunit promoter
P01337142A2043|65 67|FSK
P01339373T0000|77 93|SNF1 protein kinase
P01339391A0000|56 60|HRAS1
P01339468A0272|3 13|ORF1 protein
P01339468A0272|55 77|potexvirus RNA replicases
P01339468A0272|79 101|ORF2, -3, -5 and -6 proteins
P01339773A0778|44 45|O2
P01339773A0778|49 51|CO2
P01339815A1545|31 33|VO2
P01340470A0000|2 23|RNA-binding protein gene
P01340470A0000|25 28|rbp1
P01340470A0000|67 85|RNA recognition motif
P01340470A0000|103 111|RS) domain
P01341119A0450|70 71|H2
P01346262A0377|44 53|wild-type S
P01346534T0000|43 77|leucine-responsive regulatory protein
P01347476T0000|12 60|mouse ornithine decarboxylase-related sequence family
P01347476T0000|12 54|mouse ornithine decarboxylase-related sequence
P01347664A1026|50 56|CAD mRNA
P01347944A0964|37 68|homeodomain binding site II sequence
P01348504A0757|8 30|pol alpha-primase complex
P01348504A0757|8 15|pol alpha
P01348504A0757|11 30|alpha-primase complex
P01348504A0757|17 23|primase
P01348508A0313|153 160|TGM1 gene
P01348590A0000|125 127|CD4
P01349837T0000|0 9|cDNA clones
P01349837T0000|40 69|Zea mays mitochondrial chaperonin
P01349837T0000|70 81|HSP60 and gene
P01350780A0184|64 107|yeast and Escherichia coli gamma-glutamyl kinases
P01350780A0184|72 107|Escherichia coli gamma-glutamyl kinases
P01350932A1123|44 53|C-terminus
P01350932A1123|59 59|N
P01350932A1123|85 87|Cys
P01350932A1123|85 87|Cys
P01352113A0231|62 64|NO2
P01352113A0231|62 64|NO2
P01353478T0000|13 17|H-2Eb
P01353478T0000|24 41|IAP retrotransposon
P01353478T0000|47 49|A20
P01357190A0726|38 57|membrane anchor domain
P01357190A0726|67 85|mutant glycoproteins
P01357190A0726|119 121|CD4
P01357528A0084|3 16|subunit protein
P01357528A0084|3 16|subunit protein
P01357528A0084|19 23|curli
P01357528A0084|63 68|SEF-17
P01358190A0654|17 28|DR1 beta chain
P01358190A0654|33 41|H-2E beta k
P01358190A0654|33 40|H-2E beta
P01358758A0000|21 49|rat insulin I gene 5'-flanking DNA
P01358758A0000|21 35|rat insulin I gene
P01358758A0000|87 98|FLAT elements
P01358758A0000|149 189|beta-cell-specific transcriptional enhancer
P01358880A0251|52 88|human cellular transglutaminase sequence
P01359588A0375|62 80|neuron-like elements
P01360180A0513|59 73|wild-type kinase
P01360180A0513|135 151|catalytic domain II
P01360180A1568|27 42|P68 amino terminus
P01360180A1568|27 29|P68
P01360294A0000|104 118|antithrombin III
P01360294A0000|120 124|AT III
P01363080A0710|135 151|carbonic anhydrase
P01363166T0001|17 26|H2 receptor
P01370281A0461|51 63|39-kDa protein
P01371181A0688|26 35|pLS1 family
P01371181A0688|37 41|pE194
P01371181A0688|43 49|pADB201
P01371181A0688|54 57|pLB4
P01371272A1167|72 94|yeast DNA polymerase alpha
P01371275T0000|42 60|vacuolar H(+)-ATPase
P01371413A0742|14 23|hGCSFR gene
P01371413A0742|104 125|rodent-human hybrid DNAs
P01372802A1481|107 108|C3
P01372802A1481|110 110|D
P01372802A1481|155 165|C3 fragments
P01372802A1481|272 273|C3
P01372802A1481|275 275|D
P01372802A1481|321 322|C3
P01372900A0448|91 112|alpha s1-casein variant A
P01372900A1017|54 88|goat alpha s1-casein transcription unit
P01373374A0735|52 61|G-box motif
P01373374A0735|67 70|GBF1
P01373374A0735|74 77|GBF3
P01374331A0636|29 52|transcriptional start site
P01374392A0341|23 27|NHE-3
P01374392A0341|49 53|NHE-1
P01374392A0341|57 61|NHE-2
P01374398A0951|10 27|translation protein
P01374398A0951|40 43|cDNA
P01375224A0152|41 45|v-Crk
P01375224A0152|71 94|chicken embryo fibroblasts
P01375224A0152|121 136|cellular proteins
P01375913A0484|53 64|U14 snRNA gene
P01375913A0484|94 120|T7 RNA polymerase promoter site
P01376319T0000|22 68|mouse cation-dependent mannose 6-phosphate receptor
P01376319T0000|43 68|mannose 6-phosphate receptor
P01377696A0000|3 41|chick axon-associated surface glycoprotein
P01377696A0000|42 52|neurofascin
P01377818A0468|11 19|C/EBP beta
P01377818A0468|23 32|C/EBP gamma
P01377818A0468|79 88|C/EBP alpha
P01377818A0468|81 88|EBP alpha
P01377962A1012|11 21|tobacco GS-2
P01378052A0594|7 10|acoR
P01378052A0594|14 20|acoXABC
P01378052A0594|153 156|NtrC
P01378052A0594|160 189|NifA upstream activator sequences
P01378431A0202|3 5|Sun
P01378431A0202|10 12|Hsu
P01378431A0202|14 17|M.-Y
P01378506A0884|16 34|full-deletion mutant
P01378506A0884|82 83|NC
P01380062A0097|0 7|T antigen
P01380062A0097|110 112|Y-2
P01380062A0097|114 116|Y-3
P01380454A0451|43 51|ref-1 gene
P01380454A0451|85 103|Fos-Jun heterodimers
P01380454A0451|85 91|Fos-Jun
P01380454A0451|105 121|Jun-Jun homodimers
P01380454A0451|125 144|Hela cell AP-1 proteins
P01380454A0451|200 208|NF-kappa B
P01380454A0451|210 212|Myb
P01380454A0451|228 230|ATF
P01380454A0451|232 235|CREB
P01383690A1023|3 14|ARG SH2 domain
P01383690A1023|3 5|ARG
P01383690A1023|6 14|SH2 domain
P01383690A1023|49 51|BCR
P01383690A1023|105 116|ABL SH2 domain
P01383690A1023|105 107|ABL
P01383695A0100|12 25|EBV B-cell clone
P01383695A0100|27 31|E29.1
P01383695A0100|79 98|IgM kappa and IgM lambda
P01384040A1043|110 123|wild-type pCF10
P01384229A0175|44 53|chicken ICS
P01384229A0175|105 113|BF-IV gene
P01384229A0175|167 182|herpes TK promoter
P01384229A0175|197 228|chloramphenicol acetyl transferase
P01384229A0175|230 237|CAT) gene
P01384229A0175|239 245|pBLCAT2
P01386897A0000|65 75|CDC28 kinase
P01386897A0000|94 111|G1-specific cyclins
P01386897A0000|94 95|G1
P01386897A0000|121 124|CLN1
P01386897A0000|128 131|CLN2
P01387105A0933|135 159|cyclin B1-related sequences
P01387105A0933|171 183|loci Cycb1-rs1
P01387105A0933|186 194|Cycb1-rs9
P01388160A1102|68 81|epsilon peptide
P01389573A1071|79 91|P1 - P2)/(A1 - A2
P01389573A1071|79 80|P1
P01389573A1071|82 83|P2
P01389573A1071|90 91|A2
P01392012A0228|19 29|vasopressin
P01392012A0228|33 40|oxytocin
P01394200A0592|137 140|CD25
P01394200A0592|142 161|interleukin 2 receptor
P01394200A0592|166 171|CD45RO
P01394200A0592|173 173|T
P01394655A0615b|0 5|Urease
P01394655A0615b|101 118|Jack bean meal urease
P01396572A0320|87 88|CG
P01396572A0320|107 108|dG
P01396572A0320|126 131|Z-form
P01396583A0204|42 71|interleukin 2 gene-specific probe
P01396583A0204|42 57|interleukin 2 gene
P01396592A1113|28 34|SCL gene
P01396592A1113|28 34|SCL gene
P01396592A1113|53 86|erythroid transcription factor GATA-1
P01396592A1113|81 86|GATA-1
P01396592A1113|97 110|SCL gene product
P01396601A0986|14 27|lumenal domains
P01396601A0986|30 35|Sec12p
P01396601A0986|37 41|Stl1p
P01396601A0986|45 49|Stl2p
P01398068A0948|19 27|wild-type
P01398068A0948|37 56|his175 or his273 mutant
P01398068A0948|57 67|p53 proteins
P01398068A0948|98 111|RGC DNA sequence
P01398071A0526|77 80|BRF1
P01398071A0526|130 147|RNA polymerases I, II
P01398071A0526|130 144|RNA polymerases I
P01398073A0986|42 65|multisubunit TFIID protein
P01398073A0986|134 150|TATA-less promoter
P01398074A0697|54 61|yeast RNA
P01398074A0697|75 88|RNase MRP enzyme
P01398074A1081|3 17|RNase MRP RNA gene
P01398074A1081|3 7|RNase
P01398074A1081|3 7|RNase
P01398074A1081|127 134|RNase MRP
P01398098A0770|67 83|38-kDa polypeptide
P01398104A0834|17 21|CBF-A
P01398104A0834|48 65|RNA-binding protein
P01398106A0754|13 32|intron-encoded enzyme
P01398106A0754|34 39|I-CreI
P01398106A0754|56 57|3'
P01398140A0488|16 28|Xenopus U7 gene
P01398140A0488|23 28|U7 gene
P01398140A0488|104 106|PSE
P01399206A0375|35 45|collagenase
P01400217T0000|58 61|traF
P01400217T0000|65 68|traG
P01400217T0000|85 88|traF
P01400396A1265|109 126|protein kinase C beta
P01400401A0065|13 32|AMP deaminase variants
P01400401A0065|40 48|M (muscle)
P01400401A0065|40 40|M
P01400401A0065|50 57|L (liver)
P01400401A0065|59 60|E1
P01400401A0065|65 66|E2
P01400401A0854|25 30|anti-E
P01400401A0854|119 136|truncated AMPD3 cDNA
P01400401A0854|128 136|AMPD3 cDNA
P01400775A0435|37 37|N
P01402647A0114|0 11|DR1 molecules
P01402647A0114|0 2|DR1
P01404401A0740|9 21|ATPase cluster
P01404401A0740|85 99|chloroplast gene
P01404612A0303|10 28|recombinant human Ads
P01406630A0545|50 66|consensus sequence
P01406630A0545|92 121|homodimeric Rel-related proteins
P01406630A0545|103 121|Rel-related proteins
P01406630A0545|126 136|DNA-protein
P01406630A0965|12 40|p50- or p65-selected kappa B motif
P01406630A0965|12 14|p50
P01406630A0965|18 40|p65-selected kappa B motif
P01406630A0965|18 20|p65
P01406630A0965|30 40|kappa B motif
P01406630A0965|139 167|heterodimeric NF-kappa B complex
P01406630A0965|139 160|heterodimeric NF-kappa B
P01406656A1075|39 49|mouse alpha 1
P01406656A1075|51 56|I) gene
P01406656A1075|154 165|oncogenic ras
P01406677A0000|82 99|human myoglobin gene
P01406677A0000|132 148|upstream sequences
P01406677A0000|190 213|transcriptional start site
P01406677A0000|224 244|firefly luciferase gene
P01406688A0898|34 44|rap1t allele
P01406703A1435|36 52|DNA-binding region
P01406703A1435|58 91|H-2RIIBP nuclear hormone receptor cDNA
P01407286A0427|146 164|tyrosine hydroxylase
P01409581A0206|18 38|E26 virus-encoded v-ets
P01409581A0206|45 77|myeloid/B-cell-specific factor PU.1
P01409581A0206|74 77|PU.1
P01409643A0618|72 109|human immunodeficiency virus 1 TATA element
P01409643A0618|139 153|cellular protein
P01409643A0618|205 231|TATA element modulatory factor
P01409643A0618|233 235|TMF
P01410071T0000|45 53|prolactin
P01413984A0737|66 79|HDL cholesterol
P01413984A0737|81 94|LDL cholesterol
P01413984A0737|96 100|apo A1
P01413984A0737|108 112|HbA1C
P01413984A0737|122 131|fibrinogen
P01413984A0737|144 158|antithrombin III
P01413984A0737|190 215|tissue plasminogen activator
P01413984A0737|219 237|von Willebrand factor
P01418272A1072|39 41|CEA
P01418834A0987|39 39|H
P01418834A0987|42 42|P
P01420177A1065|20 24|Val33
P01420177A1065|28 30|Gly
P01420177A1065|34 38|Gly28
P01420177A1065|78 94|all protein kinases
P01420177A1065|81 94|protein kinases
P01420363A0818|3 14|TIMP(-59/ -53
P01420363A0818|16 22|AP1 site
P01420363A0818|51 55|c-Fos
P01420363A0818|57 64|c-Jun AP1
P01420363A0818|57 61|c-Jun
P01420363A0818|62 64|AP1
P01420363A0818|120 136|nuclear AP1 factors
P01420363T0000|13 15|AP1
P01420363T0000|19 34|PEA3 binding sites
P01420363T0000|52 94|murine tissue inhibitor of metalloproteinases-1
P01420363T0000|96 101|TIMP-1
P01420579A0292|5 33|serum neutralizing (SN) antibody
P01421145A1190|79 84|PCAT-1
P01421390T0000|18 79|recombinant human granulocyte-macrophage colony-stimulating factor
P01421390T0000|29 79|human granulocyte-macrophage colony-stimulating factor
P01421609A1067|24 27|DMVA
P01422265A0263|3 5|IgG
P01422265A0263|85 88|IgG1
P01422265A0263|102 105|IgG2
P01422265A0263|107 110|IgG3
P01422265A0263|112 115|IgG4
P01423454A0309|13 16|ANCA
P01425921A1286|96 119|primate consensus sequence
P01425921A1286|161 164|V1J1
P01426635A0496|18 22|ZFH-2
P01426635A0496|63 65|DDC
P01427034A0440|33 53|ribosomal protein genes
P01427034A0440|90 97|S13 genes
P01429596A1669|55 67|hemagglutinin
P01429596A1669|81 121|Limulus 18K agglutination-aggregation factor
P01429596A1669|123 129|18K-LAF
P01429624A0328|97 111|adenylylcyclase
P01429714A0730|0 3|Clin
P01429724A0664|22 43|minimal catalytic domain
P01429724A0664|46 50|Nmt1p
P01429740A1065|56 75|lipoyl-bearing domain
P01429740A1065|92 97|exons I
P01429740A1065|112 127|functional E2 gene
P01429740A1065|122 127|E2 gene
P01429836A0457|96 100|Vps1p
P01429836A1205|13 17|Vps1p
P01429836A1205|28 50|entire GTP-binding domain
P01429836A1205|34 50|GTP-binding domain
P01431380A0244|140 162|anti-SF group rickettsiae
P01431380A0244|164 167|SFGR
P01431380A0244|276 293|monoclonal antibody
P01431380A0244|296 299|JSFR
P01431380A0244|369 372|SFGR
P01431809T0000|49 62|polyhedrin gene
P01433502A1163|32 45|class I enhancer
P01433502A1163|119 143|an enhancer-specific factor
P01433502A1163|121 143|enhancer-specific factor
P01433524A0788|26 48|C-terminal 437 amino acids
P01433524A0788|51 53|IE1
P01436261A0145|31 42|somatostatin
P01436261A0145|181 190|calcitonin
P01437562A0462|0 17|Anti-CRK antibodies
P01437562A0462|100 117|nucleotide sequence
P01437562A0462|123 132|cloned gene
P01438287T0000|48 63|recombinant genes
P01441818T0001|0 14|Interferon type I
P01443047A0773|79 84|Id-SCL
P01446828A1088|13 16|ADH5
P01446828A1088|52 84|transcriptional regulatory proteins
P01446828A1088|86 88|Sp1
P01446828A1088|90 92|AP2
P01446828A1088|94 98|LF-A1
P01446828A1088|100 103|NF-1
P01446828A1088|105 109|NF-A2
P01446828A1088|114 118|NF-E1
P01447189A1546|21 29|RNK-Met-1
P01447189A1546|33 46|serine protease
P01447189T0000|30 43|serine protease
P01447189T0000|45 53|RNK-Met-1
P01448107A0361|16 36|dominant GCN2 mutations
P01448107A0361|24 27|GCN2
P01448107A0361|61 64|GCN4
P01448806A0135|16 28|growth hormone
P01448917A0775|81 96|CPMV RNA 1 sequence
P01448917A0775|120 143|red clover mottle virus RNA 1
P01448917A0775|155 163|CPSMV RNA 1
P01448917A0775|208 228|32K proteinase cofactor
P01448917A0775|230 248|58K presumed helicase
P01448917A0775|250 268|VPg 5'-linked protein
P01448917A0775|250 254|VPg 5'
P01448917A0775|286 298|24K proteinase
P01448917A0775|303 323|87K presumed polymerase
P01448932T0000|0 41|Rice dwarf phytoreovirus segment S12 transcript
P01448932T0000|29 41|S12 transcript
P01449183A0795|23 38|beta 2 transferrin
P01450815A0337|29 32|IPRK
P01452037A0000|26 64|glyceraldehyde-3-phosphate dehydrogenase
P01452037A0000|66 70|GAPDH
P01452037A0000|73 96|3-phosphoglycerate kinase
P01452037A0000|98 100|PGK
P01452037A0000|124 147|triosephosphate isomerase
P01452037A0000|149 151|TIM
P01452037A0000|208 218|gene cluster
P01452037A0000|220 228|gap operon
P01452584T0000|0 29|Pseudomonas aeruginosa exotoxin A
P01454518A0336|186 199|human ERCC3 cDNA
P01454819A0000|61 95|NAD:arginine ADP-ribosyltransferases
P01454819A0000|65 95|arginine ADP-ribosyltransferases
P01454819A0000|97 106|EC 2.4.2.31
P01454819A0000|111 139|ADP-ribosylarginine hydrolases
P01454819A0000|141 150|EC 3.2.2.19
P01456888A0074|58 92|HIV-1 group specific core antigen p55 gag
P01456888A0074|58 86|HIV-1 group specific core antigen
P01456888A0074|87 92|p55 gag
P01456888A0074|87 89|p55
P01456888A0074|227 240|core protein p55
P01457380A0000|3 11|tramtrack
P01457380A0000|13 15|ttk
P01457380A0000|101 113|ttk transcript
P01457695T0000a|9 27|beta 2-microglobulin
P01457695T0000a|9 13|beta 2
P01457695T0000b|9 27|beta 2-microglobulin
P01457695T0000b|9 13|beta 2
P01458170A0155|115 117|EEG
P01459447A0484|36 51|full-length genes
P01459451A0478|0 3|GAL4
P01459451A0478|5 8|VP16
P01459885A0705|93 98|alpha 1
P01460054A0478|9 13|ICSBP
P01460054A0478|71 73|ICS
P01460054A0478|105 120|DNA binding domain
P01460054A0478|152 164|amino terminus
P01460054A0968|10 14|ICSBP
P01460054A0968|76 93|IFN-inducible genes
P01464606A0344|19 37|alpha 5 beta 1 integrin
P01464606A0344|102 132|fibronectin cell-binding fragment
P01467828A0542|52 65|opioid peptides
P01467828A0542|134 148|opiate receptors
P01468625A0282|16 19|LEU2
P01468625A0282|23 31|HIS3 cDNAs
P01468625A1080|11 14|ACT1
P01468625A1080|39 42|NSR1
P01469042A0355|5 14|CENP-B gene
P01469042A0355|47 57|CENP-B boxes
P01469042A0355|137 147|DNA-protein
P01469047A1606|27 36|tail domain
P01469047A1606|132 156|glutamic acid decarboxylase
P01470243A0871|248 254|albumin
P01471602A0362|77 111|3-hydroxy-3-methylglutaryl coenzyme A
P01471602A0362|113 129|HMG-CoA) reductase
P01474990A0000|1 12|genomic clone
P01474990A0000|14 18|pTt21
P01476376T0000|24 29|urease
P01477021A0394|47 55|prolactin
P01478672A0795|37 53|alpha satellite DNA
P01478672A0795|63 86|low-copy repeated sequence
P01480183A0000|25 44|human lactoferrin gene
P01480183A1689|64 78|lactoferrin gene
P01480470A0323|0 5|BiP670
P01482912A0617|38 40|HL7
P01485648A0000|139 168|allergen-specific IgE antibodies
P01486836A0774|112 113|T1
P01486836A0774|140 141|T2
P01487144A0505|38 46|mu m poly(A
P01487144A0505|38 44|mu m poly
P01487144A0505|46 46|A
P01490493A0416|39 54|serum cholesterol
P01493864A0619|75 83|GBR-12909
P01495069A0392|92 95|DFAT
P01498607A0000|79 109|parsley chalcone synthase promoter
P01498607A0000|79 101|parsley chalcone synthase
P01502157A0000|0 4|ME1a1
P01502157A0000|7 42|16-base-pair nuclear factor binding site
P01502157A0000|61 67|c-MYC P1
P01502157A0000|71 100|P2 transcription initiation sites
P01502157A0000|71 72|P2
P01502157A0000|115 116|P2
P01504853A0299|9 12|LHRH
P01505488A0231|41 43|EVL
P01511950T0000|96 119|hepatitis B surface antigen
P01512259A0867|104 110|Dfurin2
P01512259A0867|132 145|mammalian furin
P01516829A0113|23 26|SNF2
P01516829A0113|28 31|SNF5
P01516829A0113|36 39|SNF6
P01516829A0113|108 125|heteromeric complex
P01516829A0460|10 18|LexA-GAL4
P01516829A0460|10 13|LexA
P01516829A0460|15 18|GAL4
P01516829A0460|22 46|LexA-Bicoid fusion proteins
P01516829A0460|65 68|SNF2
P01516829A0460|70 73|SNF5
P01516829A0460|78 81|SNF6
P01516829A0460|131 143|lexA operators
P01518849A0165|0 1|NE
P01518849A0165|5 7|PR3
P01518849A0165|88 107|tissue protein elastin
P01518849A0165|143 184|forming alpha 1-proteinase inhibitor complexes
P01518849A0165|188 202|elastin peptides
P01524549A0241|4 5|GH
P01524549A0241|114 115|GH
P01524549A0241|152 153|GH
P01525153A0359|11 19|d(T2AG3T)
P01525153A0359|23 30|d(T2G4T)
P01525153A0359|42 42|G
P01525153A0359|84 84|K
P01526658A0454|0 8|IFI 16 mRNA
P01526658A0454|82 82|T
P01527020A0511|25 59|human and rat AdoMet decarboxylase genes
P01527020A0511|33 59|rat AdoMet decarboxylase genes
P01527020A0511|109 117|human gene
P01527020A0511|140 146|rat gene
P01529530T0000|0 27|Interferon-alpha-induced gene
P01529530T0000|92 116|ISGF3 transcription complex
P01531214A0885|21 26|RP-170
P01531214A0885|39 41|v.)
P01531632A0000|82 90|nucleolin
P01531632A0000|92 102|fibrillarin
P01531632A0000|104 107|SSB1
P01531632A0000|111 114|NSR1
P01531632A0000|149 157|GAR domain
P01532229A1264|58 62|HF-1a
P01532229A1264|67 79|a muscle factor
P01532229A1264|68 79|muscle factor
P01532229A1264|81 85|HF-1b
P01532229A1264|87 91|MEF-2
P01532229A1264|107 111|E-box
P01532796A0107|57 58|F1
P01532796A0107|70 89|alpha and beta subunits
P01535242A0557|36 40|M-CSF
P01535242A0557|43 48|GM-CSF
P01535242A0557|80 88|c-fms mRNA
P01536153A0574|195 197|IgE
P01536575A1213|64 86|dioxin responsive element
P01536575A1213|152 172|cytochrome P450IA1 gene
P01536575A1213|174 179|CYPIA1
P01537334A0507|15 19|TRP-2
P01537334A0507|26 42|mouse chromosome 14
P01537334A0507|60 77|coat colour mutation
P01537845A0571|14 30|murine c-myb clones
P01537845A0571|14 24|murine c-myb
P01537845A0571|20 24|c-myb
P01537845A0571|51 59|c-myb gene
P01538401A1244|59 67|5 S RNA gene
P01538403A1058|28 31|eUSF
P01538403A1058|35 39|TFIID
P01538403A1058|121 125|TFIID
P01538403A1058|133 136|eUSF
P01538403A1058|184 202|H5 promoter mutations
P01538403A1058|184 193|H5 promoter
P01538403A1058|213 220|TATA-box
P01539996A0588|71 91|Escherichia coli enzyme
P01539996A0588|193 204|E. coli enzyme
P01539996A0588|276 284|C terminus
P01541556A1040|47 60|mutated protein
P01541556A1040|101 106|Cys-22
P01542565A0220|50 67|ribosomal protein L7
P01542565A0220|50 65|ribosomal protein
P01542565A0220|66 67|L7
P01542565A0220|69 71|L12
P01542565T0000|0 44|Nuclear-encoded chloroplast ribosomal protein L12
P01542565T0000|82 94|mature protein
P01542565T0000|149 168|cytoplasmic precursor
P01542667A0125|15 23|IFN-gamma
P01542667A0125|15 23|IFN-gamma
P01542667A0125|156 177|IFN-gamma-encoding gene
P01542686A0000|46 84|Rel-related human p75 nucleoprotein complex
P01542686A0000|121 123|p65
P01542686A0000|134 142|NF-kappa B
P01543909A0787|44 57|Lg genomic clone
P01543909A0787|201 215|ferritin subunit
P01543909A0787|201 208|ferritin
P01544854A0699|29 37|WR-168643
P01544918A1240|23 31|R subunits
P01544918A1240|230 236|RII beta
P01544918A1240|255 262|RII alpha
P01544918A1240|294 300|RI alpha
P01545523A0000|69 84|C reactive protein
P01545523A0000|86 101|rheumatoid factor
P01545523A0000|105 121|antistreptolysin O
P01545787A0345|9 21|human enhancer
P01545787A0345|72 87|DNase I footprints
P01545787A0345|72 77|DNase I
P01545787A0345|89 94|NFAT-1
P01545787A0345|98 104|NFIL-2B
P01545792A0000|3 27|cardiac myosin light chain-2
P01545792A0000|29 46|MLC-2) gene promoter
P01545792A0492|87 95|MLC-2 gene
P01545797A0587|43 50|SLK1 gene
P01545797A0587|52 55|slk1
P01545806T0000|32 72|yeast early meiotic recombination genes REC102
P01545806T0000|67 72|REC102
P01545806T0000|76 81|REC107
P01545806T0000|83 86|MER2
P01545818A0696|3 6|p130
P01545818A0696|10 43|p62 tyrosine-phosphorylated proteins
P01545818A0696|10 12|p62
P01545818A0696|57 61|v-Src
P01545818A0696|62 64|SH2
P01545818A0696|90 94|v-Src
P01545818A0696|97 101|v-src
P01545818A0696|159 172|v-Src SH2 domain
P01545818A0696|159 163|v-Src
P01546522A0000|49 51|PML
P01547775A1024|122 144|RNA template-binding site
P01547775A1024|150 162|PLRV replicase
P01547775A1024|168 195|ORF2a/ORF2b transframe protein
P01547942A0120|12 14|LAP
P01547942A0120|97 119|C/EBP-homologous protein
P01547942A0120|99 119|EBP-homologous protein
P01547942A0120|121 127|CHOP-10
P01547942A0120|121 124|CHOP
P01547957A1083|57 76|N-terminal aa sequence
P01547957A1083|143 146|CYP1
P01547957A1083|150 153|CYP2
P01547957A1083|185 208|CYP3-specific DNA fragment
P01547957A1083|185 188|CYP3
P01548756A1102|24 28|EHS-1
P01548756A1102|24 28|EHS-1
P01548756A1102|72 80|EHS-1 loci
P01548756A1102|89 96|human DNA
P01549118A0000|3 40|Caenorhabditis elegans vitellogenin genes
P01549123A0480|3 10|MET4 gene
P01549123A0480|3 6|MET4
P01549123A0480|86 114|bZIP transcriptional activators
P01549125A0140|35 41|insulin
P01549125A0140|43 46|IAPP
P01549125A0140|51 65|beta GK promoters
P01549129A0356|60 74|protein-protein
P01549129A0356|121 123|Src
P01549346A0000|3 20|c-Ets-1 oncoprotein
P01549465A0122|83 85|Gly
P01551176A0000|0 7|GR63178A
P01551568A1476|32 34|ts8
P01551568A1476|61 64|rpoB
P01551568A1476|79 87|Rif domain
P01551898A1084|84 96|mature protein
P01551898A1084|116 119|LAPP
P01551910A0313|69 79|DNA-protein
P01551910A0978|23 50|novel protein-binding sequence
P01551910A0978|28 50|protein-binding sequence
P01552457T0000|96 100|PT-01
P01552853A1377|19 22|virF
P01552853A1377|58 67|yop regulon
P01554334A0000|20 35|gamma-interferon
P01554334A0000|37 45|IFN-gamma
P01556068A0000|3 29|Klebsiella aerogenes gene maoA
P01556068A0000|26 29|maoA
P01556068A0000|62 77|monoamine oxidase
P01557411A1282|8 19|human D1A gene
P01557411A1282|42 71|tissue-specific, regulated genes
P01560021A0379|53 78|cardiac and brain AE3 variants
P01560021A0379|63 78|brain AE3 variants
P01560021A0379|109 115|rat gene
P01560774A0885|60 67|fliA gene
P01563343A0548|55 65|CAB promoter
P01563635T0000|48 71|M.HinfI methyltransferase
P01565882A0737|46 47|Ex
P01565882A0737|49 50|RD
P01569015A0120|67 70|ORFs
P01569102A0708|0 7|Domain II
P01569102A0708|31 41|LDL receptor
P01569584A0672|29 33|6F6.2
P01569584A0672|73 85|m6F6 cDNA clone
P01569584A0672|73 80|m6F6 cDNA
P01569584A0672|93 97|6F6.1
P01569584A0672|101 105|6F6.3
P01569584A0672|113 117|6F6.2
P01569584A0672|132 146|alpha-type genes
P01569945A0529|3 10|SEN1 gene
P01572549A0000|0 21|Protein tyrosine kinases
P01572549A0000|23 26|PTKs
P01572549A0000|110 128|retroviral oncogenes
P01572549A0000|168 188|growth factor receptors
P01573270A0000|3 8|IA4 mAb
P01573270A0000|89 97|HLA class I
P01573270A0000|136 138|LAK
P01577740A1111|18 38|mung bean and S1 nuclease
P01577740A1111|29 38|S1 nuclease
P01577740A1111|63 90|transcription initiation sites
P01577819A0709|10 29|PRP-precursor alleles
P01579472A1018|16 30|enhancer element
P01579537A0000|37 50|botulinum toxin
P01581577A1186|0 4|PSI-G
P01581577A1186|8 12|PSI-K
P01581577A1186|8 10|PSI
P01581965A0388|5 14|C-terminus
P01581965A0388|120 129|n-chimerin
P01581965A0388|134 139|rho GAP
P01581965A0388|137 139|GAP
P01581965A0388|182 184|GAP
P01581965A0388|195 206|small GTPases
P01582413A0192|49 63|basic amino acids
P01582413A0192|132 140|HLH domain
P01582413A0759|14 18|Myf-5
P01582413A0759|47 60|bHLH protein E12
P01582413A0759|47 57|bHLH protein
P01582413A0759|58 60|E12
P01583819A0377|0 2|SEA
P01584812T0000|89 124|zinc-finger transcription factor NGFI-C
P01585014A0000|45 73|gonadotrophin releasing hormone
P01585014A0000|88 91|GnRH
P01585014A0000|363 380|serum gonadotrophin
P01585014A0000|368 380|gonadotrophin
P01585014A0000|382 385|PMSG
P01585014A0000|394 419|follicle stimulating hormone
P01585014A0000|421 423|FSH
P01585014A0000|425 425|P
P01587267A1144|124 138|clostridial gene
P01588270A1029|124 126|DBP
P01588315A0356|79 103|polyhedrin primary sequence
P01588315A0356|111 124|polyhedrin gene
P01588913A0000|20 42|Escherichia coli dnaA gene
P01588961A0000|0 3|STP1
P01588963A1153|77 88|Cdc25 protein
P01588963A1153|77 81|Cdc25
P01588965A0000|0 7|GCR1 gene
P01594554A0845|41 43|CCK
P01594554A0845|47 63|trypsin inhibitors
P01594554A0845|47 53|trypsin
P01596007A0908|83 89|gamma OH
P01597170A0000|73 74|Cr
P01597170A0000|76 78|NO3
P01597462A0457|26 30|CDC14
P01597462A0457|35 47|essential gene
P01601181A0842|3 16|60A transcripts
P01601869A1389|82 111|mammalian-specific 352-bp region
P01601869A1389|82 102|mammalian-specific 352
P01603088A1121|24 46|baculovirus-expressed TR
P01603088A1121|45 46|TR
P01612085A0624|3 21|serum erythropoietin
P01612085A0624|8 21|erythropoietin
P01612085A0624|23 25|EPO
P01615493A0408|3 6|HC II
P01615493A0975|80 87|thrombin
P01616475A0756|48 49|CP
P01617242T0000|17 29|growth factors
P01617801A0088|26 36|plasma renin
P01618027A1108|95 114|wild-type E10 fragment
P01618256A0521|72 74|l-1
P01618256A0521|129 131|l-1
P01619114A0383|35 38|SMSP
P01619114A0383|87 89|MSP
P01620118A0470|5 18|mutant proteins
P01620118A0470|59 64|kappa B
P01620118A0470|104 147|human immunodeficiency virus long terminal repeat
P01620129A0417|33 51|nuclear factor HiNF-D
P01620129A0417|63 85|proximal promoter element
P01620129A0417|91 102|H4-FO108 gene
P01620781A0611|95 102|B2----A3
P01620781A0611|113 114|A5
P01624425A0907|0 15|Wild-type protein
P01626430A1112|20 24|RAD16
P01626430A1112|26 30|RAD54
P01626430A1112|34 37|SNF2
P01626430A1112|87 109|yeast and Drosophila genes
P01626430A1112|95 109|Drosophila genes
P01627828A0475|37 44|mouse DNA
P01627828A0475|49 57|SmN probes
P01627828A0475|49 51|SmN
P01627828A0475|156 162|SmN gene
P01627830A0000|16 29|casein kinase-1
P01627830A0000|76 79|CKI1
P01627830A0000|83 86|CKI2
P01628806A1347|44 46|ORF
P01628806A1347|44 46|ORF
P01628806A1347|99 112|helicase region
P01629768A0131|53 55|SOC
P01630454A0635|55 66|Act1 promoter
P01630455A0448|27 37|NFIL-1 beta A
P01630455A0448|39 45|NF beta A
P01630455A0448|121 132|TATA box motif
P01630455A0448|142 168|human and murine IL-1 beta genes
P01630455A0448|150 168|murine IL-1 beta genes
P01630455A0448|156 168|IL-1 beta genes
P01630569A0605|21 23|AmB
P01633435A0743|3 21|DRF-2 nuclear protein
P01633435A0743|59 89|muscle-specific regulatory factor
P01633435A0743|91 95|MEF-2
P01633816A0667|18 34|4-kb EcoRI fragment
P01633816A0667|22 34|EcoRI fragment
P01633816A0667|95 101|opn gene
P01633816A0667|183 192|S1 nuclease
P01634464A0163|26 34|factor VII
P01636714A0845|110 112|MBF
P01642060A0471|121 127|FIGO III
P01643943A0300|55 57|TFR
P01644751A0590|4 19|open reading frame
P01644751A0590|100 114|msgB gene product
P01644751A0590|100 107|msgB gene
P01644796A0374|41 56|recombinant furin
P01644814A0068|16 28|40-kDa protein
P01644814A0068|30 32|tax
P01644821A1259|58 60|CAT
P01644821A1259|92 108|upstream sequences
P01644821A1259|140 156|proximal sequences
P01644821A1259|195 204|PSG1-I gene
P01644831A0824|27 42|carboxyl terminus
P01644831A0824|27 42|carboxyl terminus
P01644831A0824|55 60|NGFI-B
P01644831A0824|118 133|nuclear receptors
P01645902A1462|37 45|Syn 5 locus
P01645902A1462|77 78|gH
P01645902A1462|114 115|TK
P01645902A1462|119 127|UL 24 genes
P01645902A1462|139 149|syn mutation
P01645902A1462|188 189|TK
P01645905A0341|88 89|Mr
P01645905A0341|134 143|C-terminus
P01646157A0414|18 52|full-length alpha-GalNAc cDNA sequence
P01646157A0414|161 185|human alpha-galactosidase A
P01646157A0414|187 196|alpha-Gal A
P01646487A0874|73 75|IgA
P01646487A0874|77 79|IgG
P01646487A0874|81 83|IgM
P01646487A0874|85 85|T
P01646753A0336|114 116|N2O
P01646753A0336|114 116|N2O
P01646753A0336|114 116|N2O
P01647070A0232|0 20|All mutant JCV T antigens
P01647070A0232|3 20|mutant JCV T antigens
P01647070A0232|9 11|JCV
P01647070A0232|9 11|JCV
P01647656A0000|18 50|myocardial beta-adrenergic receptor
P01648142A1170|133 137|PE arm
P01648530A0000|42 72|Xenopus cardiac actin gene promoter
P01648530A0000|42 64|Xenopus cardiac actin gene
P01648530A0000|126 161|cardiac actin-beta-globin reporter gene
P01649173A0160|100 130|major late transcription start site
P01649318A0734|0 5|EBNA-2
P01649318A0734|12 32|cis-acting CD23 element
P01649318A0734|22 32|CD23 element
P01649318A0734|42 56|TK-promoted mRNA
P01649318A0734|42 43|TK
P01649318A0734|74 101|herpes simplex virus TK promoter
P01649318A1222|33 64|EBNA-2-responsive cell DNA fragment
P01649318A1222|33 38|EBNA-2
P01649318A1222|91 96|EBNA-2
P01649318A1222|126 134|cell genes
P01649539T0000|29 43|myeloperoxidase
P01649835A0822|27 29|PBR
P01649835A0822|31 37|IBP cDNA
P01649835A0822|31 33|IBP
P01649835A0822|154 156|Ro5
P01650524A0837|140 144|BW A4C
P01650557T0000|61 83|cytomegalovirus antibody
P01651232A0152|0 7|Each mRNA
P01651232A0152|85 87|UTP
P01651232A0152|85 87|UTP
P01651918A0000|99 136|rat testis fructose-6-phosphate,2-kinase
P01651918A0000|102 136|testis fructose-6-phosphate,2-kinase
P01652372A0153|16 19|SWI5
P01652372A0153|48 50|NLS
P01652755A1492|79 117|retinoblastoma susceptibility gene product
P01652755A1492|119 120|RB
P01652755A1492|155 158|IL-6
P01652755A1492|171 175|c-fos
P01652755A1492|191 200|beta-actin
P01652755A1492|243 251|IL-6 (-110
P01652755A1492|243 246|IL-6
P01652755A1492|276 278|MHC
P01653173A0619|44 60|E2 DNA-binding site
P01653173A0619|85 88|P105
P01653173A0619|143 160|HPV-18 P105 promoter
P01653173A0619|143 148|HPV-18
P01653173A0619|149 152|P105
P01653236A0895|14 16|p50
P01653236A0895|40 61|glucocorticoid receptor
P01653236A0895|92 113|glucocorticoid receptor
P01653238A1062|11 14|12-O
P01653238A1062|104 126|transcription factor AP-1
P01653238A1062|123 126|AP-1
P01653238A1062|151 179|transforming growth factor beta 1
P01653238A1062|181 189|TGF-beta 1
P01653238A1715|0 2|TPA
P01653238A1715|6 14|TGF-beta 1
P01655126T0000|87 89|HBr
P01655713A0294|89 92|exs1
P01655713A0294|95 97|Tn1
P01655713A0294|100 132|chromosomal Tn1 insertional mutation
P01656220T0000|5 20|transforming gene
P01656220T0000|79 100|receptor tyrosine kinase
P01656221A1319|81 85|FGFRs
P01656221A1319|141 150|FGFR family
P01656235A0946|83 92|CCAAT motif
P01657246A0325|3 29|transcription initiation site
P01657249A1019|3 8|anti-I
P01657249A1019|12 19|anti-i CA
P01657249A1019|38 51|VH4 heavy chains
P01657249A1019|38 40|VH4
P01657249A1019|139 146|VH4-HV2a
P01657415A0837|0 13|Intron K1 cox1.2
P01657415A0837|6 13|K1 cox1.2
P01657594A0472|71 75|cgs1+
P01657594A0472|79 83|cgs2+
P01657969A1420|157 166|calmodulin
P01658356A1369|179 196|FeLV-specific mRNAs
P01658356T0000|54 74|endogenous env elements
P01658356T0000|64 74|env elements
P01658375A0854|93 123|eukaryotic protein-encoding genes
P01658375A0854|172 180|LAT intron
P01658741A1047|47 64|nucleotide sequence
P01658741A1047|70 101|Saccharomyces cerevisiae ADE 1 locus
P01658741A1047|70 96|Saccharomyces cerevisiae ADE 1
P01658741A1047|93 101|ADE 1 locus
P01659685T0000|60 64|Dd ras
P01659685T0000|60 61|Dd
P01660486A1756|173 175|PKC
P01660925T0000|98 111|consensus boxes
P01661369A0825|13 28|strD and strE genes
P01661369A0825|13 16|strD
P01661369A0825|20 28|strE genes
P01662609A0398|46 53|M.HgiCI)
P01662609A0398|71 78|R.HgiCI)
P01662794A0640|15 21|wt1 gene
P01662794A0640|67 78|52 kDa protein
P01662794A0640|114 128|N-terminal- and C
P01662807A1182|24 33|TR promoter
P01671675A0483|17 21|pKB11
P01671675A0483|71 77|pCAD142
P01671675A0483|160 177|entire cDNA sequence
P01671675A0483|197 210|CAD polypeptide
P01671675A0905|76 82|CAD gene
P01673220A0578|64 76|Sn: bol3 allele
P01674242A0358|452 461|interferon
P01674662A0000|195 197|ARC
P01674817A0862|25 29|RNA14
P01674817A0862|33 37|RNA15
P01674817A0862|47 51|RNA14
P01674817T0000|14 23|yeast RNA14
P01674817T0000|27 36|RNA15 genes
P01674817T0000|94 110|RNA-binding domain
P01674817T0000|116 127|RNA15 protein
P01675424A0991|30 52|birch NAD(P)H-NR sequence
P01675424A0991|67 82|NADH-NR sequences
P01675424A0991|104 132|pyridine nucleotide binding site
P01675637T0033|31 46|C-terminal region
P01675637T0033|84 96|receptor dimer
P01675763A1389|37 40|CD4+
P01678287A1308|10 37|human Antp TATAA binding protein
P01678287A1308|101 112|homeobox gene
P01679068A0000|138 152|Escherichia coli
P01679124A1368|43 46|ChAT
P01679749A1171|43 53|human genome
P01679749A1171|77 81|RFLPs
P01679749A1171|136 156|HSPG2 proteoglycan gene
P01682509A0539|25 39|major IE proteins
P01682509A0539|30 39|IE proteins
P01682509A0539|40 43|IE86
P01682509A0539|45 48|IE72
P01682509A0539|53 56|IE55
P01682509A0539|88 93|HIV LTR
P01682509A0539|97 106|T-cell line
P01684791A0000|3 19|cis-acting element
P01684791A0000|60 89|chicken glutamine synthetase gene
P01687050T0000|35 49|immunoglobulin G
P01687050T0000|51 53|IgG
P01688841A0430|12 19|six genes
P01688841A0430|21 24|ipaB
P01688841A0430|26 29|ipaC
P01688841A0430|31 34|invE
P01688841A0430|36 39|invG
P01688841A0430|41 44|invJ
P01688841A0430|49 52|invK
P01688841A0430|98 101|virF
P01690728A1166|77 92|human fibroblasts
P01690728A1166|129 138|S1 nuclease
P01690728A1166|129 130|S1
P01690812A0000|21 37|ribosomal DNA (rDNA
P01690812A0000|96 114|28 S RNA ribosomal gene
P01690812A0000|126 139|type I and type II
P01690812A0000|126 130|type I
P01690812A0000|134 139|type II
P01691184A0995|0 4|Gap b3
P01691184A0995|3 4|b3
P01691184A0995|127 142|precursor protein
P01692135A0783|11 34|rtFc gamma R alpha cDNA clone
P01692135A0783|11 29|rtFc gamma R alpha cDNA
P01692135A0783|126 145|Fc gamma R-related mRNA
P01692837A0390|22 26|exons
P01692837A0390|31 37|introns
P01692962A0980|21 37|chimeric alpha i(54
P01692962A0980|126 152|cAMP-dependent protein kinase
P01694009A0112|18 22|exon 0
P01694009A0112|36 61|entire 5' untranslated region
P01694009A0112|68 91|N-terminal signal sequence
P01694014A0716|135 142|LD78 cDNA
P01694525A0000|0 22|Isopenicillin N isomerase
P01694525A0000|24 32|epimerase
P01694525A0000|106 115|N-terminus
P01695098A1116|5 7|IgG
P01695116A0078|45 47|CR1
P01695322A0000|0 4|Wnt-1
P01695322A0000|6 10|int-1
P01695378A1406|98 105|FKBP mRNA
P01695905A0480|0 8|GLUT5 mRNA
P01697683T0000|52 65|cytotactin gene
P01697928A1214|57 61|Ly-6E
P01697928A1214|94 129|interferon-stimulated response element
P01697928A1214|197 235|alpha/beta interferon-inducible promoters
P01698761A1059|83 121|carboxy-terminal histone H1-like structure
P01698761A1059|83 112|carboxy-terminal histone H1-like
P01698761A1059|83 107|carboxy-terminal histone H1
P01698761A1059|124 127|AlgP
P01699944A1538|59 80|CArG box binding proteins
P01699944A1538|137 140|VLC1
P01699944A1538|142 159|cardiac alpha-actin
P01699944A1538|149 159|alpha-actin
P01699944A1538|164 173|c-fos genes
P01700272A0838|17 21|B4 RNA
P01701088A1335|64 74|AP-2 element
P01701088A1335|77 84|CCAAT box
P01702361A0621|35 42|collagen
P01702426A0196|128 153|avian fatty acid synthase gene
P01702426A1006|100 101|5'
P01702426A1006|100 101|5'
P01702972A0613|51 64|small subfamily
P01702972A0613|67 76|G0S19 genes
P01702972A0613|131 139|G0S30 cDNA
P01702972A0613|155 170|single-copy genes
P01703632T0000|3 33|Drosophila suppressor of sable gene
P01703632T0000|80 98|RNA-binding proteins
P01707659A0458|60 66|HLA-5.4
P01707659A0458|91 94|Ch28
P01707800A0354|11 13|N13
P01707800A0354|15 17|N20
P01707800A0354|138 140|N11
P01708098A0922|5 10|avidin
P01708098A0922|12 17|biotin
P01708098A0922|62 86|alpha promoter DNA sequences
P01708098A0922|62 74|alpha promoter
P01708098A0922|141 142|GR
P01708771A1215|52 57|Asn120
P01708771A1215|73 77|Asn65
P01708774A0203|24 27|AP-1
P01708774A0203|51 72|proximal promoter region
P01709486A0000|48 61|proto-oncogene
P01709486A0000|63 67|c-kit
P01709933T0000|33 50|rat chromosomal gene
P01709933T0000|54 65|a polypeptide
P01709933T0000|67 69|pS1
P01710768A1172|123 132|HLA-B7 gene
P01710768A1172|167 181|gamma interferon
P01710979T0000|3 18|SH2 and SH3 domains
P01710979T0000|3 5|SH2
P01710979T0000|9 18|SH3 domains
P01710979T0000|9 11|SH3
P01710979T0000|21 27|pp60src
P01710979T0000|55 88|tyrosine phosphorylated proteins p130
P01710979T0000|85 88|p130
P01710979T0000|92 95|p110
P01711041A0348|69 81|C5 alpha-chain
P01711041A0348|93 102|beta-chain
P01711041A0962|3 15|C5 alpha-chain
P01711041A0962|49 55|26 exons
P01711041A0962|60 69|beta-chain
P01711048T0000|51 60|pro-alpha 2
P01711048T0000|62 67|I) gene
P01711048T0000|69 74|COL1A2
P01713213A0000|37 60|human pim-1 proto-oncogene
P01713213A0000|93 122|serine/threonine protein kinases
P01713213A0000|133 148|human Pim-1 enzyme
P01713213A0000|183 203|protein tyrosine kinase
P01713213A0488|1 25|full-length human pim-1 cDNA
P01713213A0488|12 25|human pim-1 cDNA
P01713213A0488|73 84|Pim-1 protein
P01713213A0488|114 146|bacterial glutathione S-transferase
P01713213A0488|148 150|GST
P01714322A0969|42 50|18 kDa hsps
P01714322A0969|47 50|hsps
P01714452A0559|15 26|human protein
P01714452A0559|41 58|tandem repeat domain
P01714902A0221|39 82|Ti alpha-beta CD3 gamma delta epsilon TCR complexes
P01714902A0221|71 73|TCR
P01714902A0221|100 106|CD3 zeta
P01714902A0221|130 142|interleukin-2
P01714902A0221|158 160|TCR
P01714902A0221|176 213|antigen/major histocompatibility complex
P01715975A0885|17 20|CYP1
P01716292A0000|35 41|HLA-DR1
P01716292A0000|155 157|DRB
P01716292A0000|159 163|H-2Eb
P01716292A0000|186 192|DR alpha
P01716292A0000|195 203|H-2E alpha
P01716629A0000|39 69|extracellular matrix glycoprotein
P01716629A0000|70 76|undulin
P01717718A1255|31 33|Gag
P01717718A1255|35 45|Pol PR domain
P01717718A1255|67 68|RT
P01717718A1255|79 89|wild-type PR
P01717718A1255|132 139|PR domain
P01717718A1255|142 144|Gag
P01717718A1255|146 148|Pol
P01717833A1223|3 22|alpha inhibin promoter
P01717833A1223|41 43|CRE
P01717833A1223|102 112|CREB protein
P01717833A1223|102 105|CREB
P01717833T0000|15 30|alpha inhibin gene
P01717833T0000|33 49|cyclic adenosine 3'
P01717925A0477|15 33|nucleotide sequences
P01717994T0000|10 18|human cDNA
P01717994T0000|28 45|CDC2-related kinase
P01717994T0000|28 31|CDC2
P01717994T0000|78 82|cdc28
P01718043A0384|48 58|PMN elastase
P01719684A0494|36 60|alpha-adrenergic receptors
P01720555A1087|25 36|B2 transcript
P01720843A1506|51 77|angiotensin converting enzyme
P01720843A1506|143 146|EDRF
P01721884A0962|37 48|E. coli region
P01721884A0962|62 84|retroviral ribonuclease H
P01721884A0962|86 98|RNase H) domain
P01721884A0962|180 191|E. coli RNase H
P01721884A0962|207 218|Pol I helices O
P01721884A0962|207 210|Pol I
P01721884A0962|222 222|P
P01721884A0962|255 260|RNase H
P01722319A0849|49 61|CHIP28 protein
P01722319A0849|118 137|N-glycosylation sites
P01722479A0302|30 32|HCG
P01723619A0766|48 48|F
P01723619A0766|117 117|F
P01723619A0766|144 154|major factor
P01723962A0165|13 23|serum lipase
P01723962A0165|27 33|amylase
P01724982A0237|18 25|anti-HCV
P01724982A0237|27 37|anti-C100-3
P01724982A0237|77 79|IL)
P01725547A0354|96 98|CBF
P01726211A0502|51 69|wall-related factors
P01727488A1146|0 21|PRDII-BF1-derived cDNAs
P01727488A1146|0 8|PRDII-BF1
P01727488A1146|0 4|PRDII
P01727488A1146|6 21|BF1-derived cDNAs
P01727488A1146|62 85|tat-induced activated gene
P01727494A0000|50 59|VV proteins
P01730412T0000|0 2|Max
P01730412T0000|39 43|c-Myc
P01731107A0928|44 52|ICR2 motif
P01731107A0928|176 186|viral genome
P01731933T0000a|0 4|Zn(II
P01731933T0000a|33 47|T4 gene 32 protein
P01731933T0000b|0 4|Zn(II
P01731933T0000b|33 47|T4 gene 32 protein
P01731979A1408|79 107|CaMV 35S domain B enhancer element
P01732736A1076|22 35|POU-domain gene
P01732736A1076|37 42|Oct-25
P01732752A0156|74 79|LT mRNA
P01733105A0127|61 76|negative sense RNA
P01733358A0240|107 111|mucin
P01734020A1318|138 154|wild-type PKC alpha
P01734283A0817|27 38|RAP74 protein
P01734283A0817|70 85|complementary DNA
P01734283A0817|134 138|RAP30
P01734570T0000|9 29|thromboxane synthetase
P01735347A0482|84 95|plasma lipase
P01735347A0482|90 95|lipase
P01735447A0271|12 25|mutant molecule
P01735447A0271|74 90|pre-super-pro-PrB
P01735447A0271|105 116|sec61 mutants
P01735447A0833|8 18|active-site
P01735447A0833|93 95|PrB
P01735447A0833|101 114|41.5 kDa pro-PrB
P01735721A0185|57 87|Bacillus stearothermophilus TyrTS
P01735721A0185|110 120|E. coli TyrTS
P01735721A0185|151 169|B. subtilis TyrTS gene
P01735721A0185|181 184|tyrZ
P01736093A0731|14 16|CAT
P01736093A0731|68 81|native promoter
P01736093A0731|97 106|CCAAT boxes
P01736844T0000|30 59|non-sex hormone-binding globulin
P01737741A0000|29 44|monoamine oxidase
P01740121A0136|41 45|Kex2p
P01740437A0851|111 127|cytoplasmic domain
P01740437A0851|130 140|fibroglycan
P01740448A1735|126 136|Pro II region
P01742606A0000|1 29|mouse brain beta-spectrin of cDNA
P01742606A0000|1 23|mouse brain beta-spectrin
P01742606A0000|121 146|235 kDa spectrin beta-subunit
P01742879A0471|8 16|Plasma AVP
P01744042A1355|3 12|csbA fusion
P01744119A0757|16 42|primase recognition sequences
P01744119A0757|144 161|63-kDa gene 4 protein
P01748287T0000|0 23|Human SRF-related proteins
P01748287T0000|5 23|SRF-related proteins
P01748292A0000|37 56|G protein alpha subunit
P01748630A0125|59 94|c-Myc transcriptional activation domain
P01748630A0125|59 63|c-Myc
P01748630A0125|165 173|Myc family
P01748630A0125|165 167|Myc
P01752441A0000|30 44|HIV-1 Tat protein
P01752441A0000|118 123|TAR RNA
P01752441A0000|178 193|viral transcripts
P01753317A0879|66 69|FDBA
P01754381A0000|188 218|DNA polymerase alpha catalytic core
P01754381A0000|188 205|DNA polymerase alpha
P01754381A0000|220 227|pol alpha
P01757341A0591|31 33|mm2
P01757341A0591|127 145|alkaline phosphatase
P01762914A1218|9 19|uPA promoter
P01762914A1218|40 57|cis-acting elements
P01762914A1218|85 104|translation start site
P01762917A0615|27 29|Glu
P01762917A0615|52 67|TGEK tetrapeptide
P01762917A0615|80 85|TFIIIA
P01765095A0680|0 3|12-O
P01765095A0680|85 89|mRNAs
P01765095A0680|102 123|myogenic regulators CMD1
P01765095A0680|120 123|CMD1
P01765095A0680|127 134|myogenin
P01765266A0000|34 73|elongation factor 1-alpha variant EF-1 alpha O
P01765266A0000|64 73|EF-1 alpha O
P01765269A0308|30 51|nuclear pre-mRNA introns
P01765269A0308|30 44|nuclear pre-mRNA
P01765375A0290|46 58|human clathrin
P01765375A0290|51 58|clathrin
P01765375A0290|163 180|clathrin heavy chain
P01765386A0305|24 34|DNA sequence
P01766666A0788|20 23|rE12
P01766666A0788|27 33|rNFIL-6
P01766666A0788|72 87|DNA-binding sites
P01766876A0000|49 64|mu heavy chain gene
P01767592A0682|34 51|DNA binding proteins
P01767592A0682|66 83|non-coding 5' region
P01767592A0682|86 89|HAP2
P01767592A0682|91 122|HAP3 consensus recognition sequence
P01767592A0682|91 94|HAP3
P01767592A0682|143 174|BAF1 consensus recognition sequence
P01767899A0136|39 48|fibrinogen
P01767899A0136|61 71|prothrombin
P01767899A0136|91 104|thromboplastin
P01768648A0853|24 41|LexA fusion proteins
P01768648A0853|90 93|cRel
P01769189A0000|255 259|min-1
P01769919A0393|102 106|24 kHz
P01772341A0852|45 65|thromboxane synthetase
P01772341A0852|79 97|thromboxane receptor
P01774062A0257|32 39|HLA-DQA1
P01774062A0257|55 56|Y3
P01774062A0257|58 67|Ring 4 locus
P01774063A0161|114 131|thrombospondin gene
P01774063A0161|152 155|Fshb
P01774063A0161|157 161|Actcl
P01774063A0161|163 165|Ltk
P01774063A0161|170 176|B2M loci
P01774063A0161|179 195|murine chromosome 2
P01774093T0000|30 32|IgM
P01776715A0489|81 83|CO2
P01779433A0694|28 30|Alu
P01779433A0694|102 126|alpha 2 gene-containing unit
P01779433A0694|102 111|alpha 2 gene
P01779433A0694|164 178|Alu family repeat
P01779433A0694|164 166|Alu
P01779433A0694|180 183|Alu 3
P01779433A0694|251 253|Alu
P01779433A0694|298 300|Alu
P01779769A0000|16 29|repressor locus
P01779769A0000|31 31|c
P01779769A0000|65 70|phi C31
P01779769A0000|68 70|C31
P01779769A0000|126 137|74 kDa protein
P01780235A0094|3 5|EPO
P01783088A1136|120 122|l-1
P01783088A1136|126 136|fibronectin
P01784589A0000|41 53|5-HT2 receptor
P01788002T0001|16 25|hepatitis A
P01788002T0001|29 29|B
P01791754T0000|92 116|Escherichia coli haemolysin
P01806314A0322|24 46|endothelial-cell markers
P01806314A0322|92 102|muscle actin
P01806314A0322|98 102|actin
P01808136T0000|27 46|coagulation factor XII
P01811948A0289|85 100|LpS1 beta promoter
P01811948A0289|117 119|G)6
P01811948A0289|142 152|cis-element
P01812102A0101|70 74|VEP-P
P01812102A0101|129 138|NPN complex
P01822995T0000|0 16|Maize rbcS promoter
P01822995T0000|60 77|dicot rbcS promoters
P01822995T0000|65 77|rbcS promoters
P01823524A0238|121 137|life-style factors
P01824713A0964|3 15|12S E1A product
P01824713A0964|32 42|TRE sequence
P01824713A0964|65 69|c-jun
P01824944A0988|104 106|IgE
P01825027T0000|0 3|PAS1
P01825027T0000|6 14|yeast gene
P01825027T0000|85 91|ATPases
P01826003A0694|57 65|SIG family
P01826003A0694|70 79|beta TG gene
P01826043A0431|3 23|pp90rsk-protein kinase
P01826043A0431|45 54|rsk-kinase
P01826043A0431|74 122|cofactor-dependent signal transducing protein kinases
P01826043A0431|132 164|cyclic AMP-dependent protein kinases
P01826043A0431|178 197|protein kinase C family
P01826043A0431|206 235|Ca2(+)-dependent protein kinases
P01827068T0000|0 10|Human GATA-3
P01827068T0000|5 10|GATA-3
P01827068T0000|81 102|T cell receptor alpha gene
P01827203A0136|8 37|eukaryotic transcription factors
P01827203A0136|18 37|transcription factors
P01828248A0189|15 25|UvrA protein
P01828248A0189|42 52|UvrB protein
P01828248A0189|123 134|UvrAB complex
P01828248A0189|145 152|helicase
P01829060A0649|3 6|ED30
P01829460A0329|68 80|kappa B element
P01830114A1587|24 26|NS1
P01830114A1587|52 64|P4 transcripts
P01830928A0361|21 37|microtubule motors
P01830928A0361|42 48|dyneins
P01832152A0000|31 33|pSa
P01832152A0902|47 50|ORF1
P01832152A0902|54 57|ORF2
P01832197T0001|9 26|D2 dopamine receptor
P01833185A0547|3 8|Thr161
P01833637A0531|63 75|cdc68-1 mutant
P01833637A0531|63 67|cdc68
P01833637A0531|155 163|HSP82 gene
P01837787T0000|3 18|murine Mov-34 gene
P01837787T0000|20 34|full-length cDNA
P01837842A1410|0 3|CREB
P01837842A1410|0 2|CRE
P01840513A1019|19 32|Drosophila SL-2
P01840513A1019|39 49|pCAT plasmid
P01840513A1019|69 85|5'-flanking region
P01840513A1019|116 147|chloramphenicol acetyltransferase
P01840607A0294|40 53|type I and type II
P01840607A0294|40 44|type I
P01840607A0294|48 53|type II
P01840607A0294|105 107|PFP
P01840608A0823|3 12|N-terminus
P01840608A0823|22 37|open reading frame
P01840608A0823|52 55|nifA
P01840608A0823|82 85|nifB
P01840711A0000|3 11|RNA genome
P01842498A0000|6 22|cDNA clone termed R2
P01842498A0000|21 22|R2
P01842498A0000|76 93|phytohemagglutinin
P01842498A0000|95 97|PHA
P01842498A0000|175 177|PHA
P01844017A0410|48 81|glucose-6-phosphatase dehydrogenase
P01844878A0000|43 74|neomycin phosphotransferase II gene
P01844982A0324|37 54|anti-nuclear factor
P01844982A0324|72 87|rheumatoid factor
P01845829A0158|54 75|protein-binding domains
P01845829A0158|95 108|nuclear factors
P01845885A1003|39 44|UL26.5
P01845885A1003|187 217|UL26 transcription initiation site
P01845885A1003|292 314|UL26 transcriptional unit
P01845885A1003|292 295|UL26
P01845899A0000|3 35|adeno-associated virus (AAV) rep gene
P01845899A0000|56 60|Rep78
P01845899A0000|62 66|Rep68
P01845899A0000|68 72|Rep52
P01845899A0000|77 81|Rep40
P01845899A0000|114 120|AAV gene
P01846206A0665|23 33|human CMV dbp
P01846489A1119|15 47|picornaviral 3C-like protease domain
P01846489A1119|54 79|papain-like protease domains
P01846489A1119|54 72|papain-like protease
P01846491A0459|33 39|VV genes
P01846803A0688|63 75|p34cdc2 kinase
P01846803A0688|138 151|ATP binding site
P01847464A0856|29 33|pFRTK
P01847464A0856|35 37|CAT
P01847464A0856|54 72|EBNA-1-binding sites
P01847464A0856|54 59|EBNA-1
P01847464A0856|136 157|carboxy-terminal EBNA-1
P01847464A0856|206 210|c-myc
P01847665A1079|55 67|PDGF receptors
P01848300A0910|33 36|cstA
P01849509T0000|37 75|Rhizobium meliloti insertion sequence ISRm3
P01849509T0000|37 70|Rhizobium meliloti insertion sequence
P01849509T0000|71 75|ISRm3
P01849509T0000|105 115|transposase
P01849509T0000|125 129|ISRm3
P01849509T0000|147 171|Staphylococcus aureus IS256
P01849509T0000|175 202|Thiobacillus ferrooxidans IST2
P01849675A0167|65 66|KV
P01849734A1063|8 25|PR55 beta transcript
P01849734A1063|66 99|neuroblastoma derived cell line LA-N-1
P01849734A1063|94 99|LA-N-1
P01850096A0662|14 21|myogenin
P01850096A0662|25 27|E12
P01850096A0662|31 34|MyoD
P01850096A0662|38 40|E12
P01850096A0662|122 139|cardiac alpha-actin
P01850096A0662|129 139|alpha-actin
P01850105A1093|12 16|c-myc
P01850105A1093|50 54|c-myc
P01850105A1093|95 96|Id
P01850127A0000|19 25|U2 snRNP
P01850127A0000|54 71|mammalian pre-mRNAs
P01850127A0000|90 105|non-snRNP protein
P01851527T0000|24 72|gene encoding Alzheimer beta-amyloid precursor protein
P01851527T0000|74 76|APP
P01851527T0000|102 118|upstream sequences
P01851862A0273|29 35|env gene
P01851862A0273|42 51|LTR of SFV-1
P01851862A0273|42 44|LTR
P01851862A0273|47 51|SFV-1
P01851876A0129|28 32|EMBL3
P01852603A0000|3 25|rad9.192 DNA repair mutant
P01853796T0000|55 61|insulin
P01854339A0221|42 74|Escherichia coli consensus promoters
P01854339A0221|78 102|ribosome-binding sequences
P01855255T0000|42 45|RCC1
P01855255T0000|48 66|an interacting GTPase
P01857326A0160|0 9|Oculus-500
P01860846A0663|3 11|human cDNA
P01860846A0663|36 60|tumor necrosis factor-alpha
P01860846A0663|82 91|MARCKS gene
P01861034A0798|19 34|proximal fragment
P01863768A0649|19 24|ORF113
P01863768A0649|34 52|transmembrane domain
P01863887A0174|76 111|tissue plasminogen activating substance
P01863887A0174|135 155|insulin, growth hormone
P01863887A0174|135 141|insulin
P01863887A0174|143 155|growth hormone
P01863887A0174|157 170|erythropoietin
P01863887A0174|173 187|clotting factors
P01864510A0946|0 7|Dd PK1 RNA
P01864510A0946|2 7|PK1 RNA
P01864821A0000|67 77|globin chain
P01864837A1029|72 86|mouse contrapsin
P01864837A1029|124 141|rat alpha 1-protease
P01864837A1029|124 132|rat alpha 1
P01869565A1254|0 2|USF
P01869565A1254|72 82|ADH promoter
P01869565A1254|96 98|MLP
P01869907A2146|103 105|H2O
P01869968A0673|96 99|rCBF
P01870194A0302|0 30|Human immunodeficiency virus type 1
P01870194A0302|32 36|HIV-1
P01870428A0677|34 36|HDL
P01870428A0677|40 45|HDL2-C
P01870428A0677|40 43|HDL2
P01870428A0677|61 63|LDL
P01871135A0295|130 148|rat liver glucokinase
P01871971A0836|10 21|viral mutants
P01871971A0836|47 51|NFIII
P01871971A0836|53 68|OCT-1 binding site
P01871971A0836|82 89|ATF motif
P01873999A0000|0 22|Saccharomyces cerevisiae
P01873999A0000|180 199|heterologous proteins
P01874195A0139|25 34|GH receptor
P01874195A0139|167 180|tyrosine kinase
P01874752A0948|51 54|cdc2
P01874752A0948|56 58|p58
P01874752A0948|62 65|cdc2
P01874752A0948|67 69|p62
P01876836T0000|16 43|Ets- and notch-related subunits
P01876836T0000|16 18|Ets
P01876836T0000|46 61|GA binding protein
P01878489A0959|80 91|NADPH oxidase
P01881595A0476|21 39|SNO NS and NnS neurones
P01882386A0000|33 39|beta-(2
P01883992A0922|23 28|beta-1
P01883992A0922|54 74|trans-acting regulator
P01883992A0922|95 107|beta-zein gene
P01884435A0088|45 61|extracellular ptO2
P01884435A0088|58 61|ptO2
P01884435A0088|58 61|ptO2
P01884435A0088|91 101|tissue sites
P01884998A1135|80 96|C/EBP-binding site
P01884998A1135|82 96|EBP-binding site
P01885613A1298|77 101|pro alpha 1(II) collagen gene
P01885613A1298|77 85|pro alpha 1
P01886774A0000|0 17|POU-specific and POU
P01886774A0000|0 2|POU
P01886774A0000|15 30|POU-homeo domains
P01886774A0000|33 36|Oct3
P01888896A0505|81 109|transcriptional initiation site
P01895384A0746|3 16|IE0 gene product
P01895384A0746|38 48|IE1 promoter
P01895393A0745|29 35|TATA box
P01895393A0745|29 35|TATA box
P01895393A0745|50 57|Sp1 sites
P01895393A0745|60 67|Sp1 sites
P01895393A0745|125 148|RNA polymerase III promoter
P01895393A0745|125 140|RNA polymerase III
P01898928A0260|87 94|DNA locus
P01898928A0260|110 131|Escherichia coli fur gene
P01899409T0000a|83 119|recombinant tissue plasminogen activator
P01899409T0000a|94 119|tissue plasminogen activator
P01899846A0862|13 26|rbcL-rbcS locus
P01900194T0000|19 55|mitochondrial NADH-ubiquinone reductase
P01900194T0000|60 91|bacterial NAD-reducing hydrogenase
P01901405A0694|33 38|AT-BP1
P01901405A0694|42 47|AT-BP2
P01901443A0297|181 181|O
P01901859A0000|0 59|UDP-Gal:Gal beta 1----4GlcNAc alpha 1----3-galactosyltransferase
P01901859A0000|63 89|terminal glycosyltransferase
P01901946A0243|38 48|SRE sequence
P01901946A0243|56 77|mouse c-fos gene promoter
P01901946A0243|56 69|mouse c-fos gene
P01901946A0243|166 176|DNA-protein
P01901950T0000|76 89|mouse c-fos gene
P01903841A0125|97 102|eIF-5A
P01903841A1449|45 57|wild-type gene
P01904154A0164|69 74|Ig loci
P01904437A0000|18 25|metH gene
P01904437A0000|52 66|Escherichia coli
P01904437A0000|93 107|metR gene product
P01904437A0000|110 126|DNA binding protein
P01904546A0671|15 33|chromosomal AAR1 gene
P01905199A0210|66 68|ADR
P01905517A1076|3 5|ORF
P01906166A0119|0 10|Mitomycin-C
P01906509A0072|49 64|human nidogen gene
P01906692A0321|30 34|rt-PA
P01907265A0670|33 60|pseudorevertant endonucleases
P01907941A0275|13 23|I kappa B beta
P01907941A0275|31 42|I kappa B alpha
P01907941A0275|69 71|Rel
P01907941A0275|77 86|kappa B site
P01909027A0922|30 45|DNA binding domain
P01909027A0922|48 50|ILF
P01909027A0922|90 113|fork head DNA binding domain
P01909027A0922|124 156|Drosophila homeotic protein fork head
P01909027A0922|124 148|Drosophila homeotic protein
P01909027A0922|169 192|hepatocyte nuclear factors
P01909027A0922|194 198|HNF-3
P01911767T0000|14 25|small subunit
P01911767T0000|28 71|ribulosebisphosphate carboxylase affect subunit
P01911767T0000|28 58|ribulosebisphosphate carboxylase
P01913955A0177|354 361|collagen
P01913955A0177|354 361|collagen
P01913955A0177|376 388|type 1 collagen
P01916405A0242|93 94|PC
P01916632A0431|0 7|Anti-HBc
P01916632A0431|20 23|PBMC
P01917943A0621a|21 49|sMtCK genomic upstream sequences
P01917943A0621a|65 72|TATAA box
P01917943A0621a|162 177|chimeric plasmids
P01917943A0621a|185 216|chloramphenicol acetyltransferase
P01917943A0621b|21 49|sMtCK genomic upstream sequences
P01917943A0621b|65 72|TATAA box
P01917943A0621b|162 177|chimeric plasmids
P01917943A0621b|185 216|chloramphenicol acetyltransferase
P01917962A0152|3 13|cDNA segment
P01917962A0152|3 13|cDNA segment
P01917962A0152|28 73|immunoglobulin gene recombination signal sequences
P01917962A0152|28 45|immunoglobulin gene
P01917962A0152|109 124|human IL-2R L chain
P01917962A0152|168 179|SV40 promoter
P01918010A0000|0 16|Lipoprotein lipase
P01918010A0000|18 20|LPL
P01918010A1730|67 78|-461 fragment
P01918010A1730|84 94|LPL promoter
P01918070A0281|30 44|T3 receptor alpha
P01918070A0281|46 53|T3R alpha
P01918070A0281|124 126|rGH
P01918070A0281|127 130|T3RE
P01918070A0281|193 195|T3R
P01918073A0150|29 61|avian TnIcardiac amino acid sequences
P01918073A0150|260 262|TnI
P01918073A0150|358 360|TnC
P01918073A0150|417 419|TnI
P01918073A0150|423 425|TnC
P01918073A0150|439 507|avian TnIcardiac internal actin/TnC-binding, actomyosin-inhibitory, domain
P01918073A0150|546 573|mammalian TnIcardiac sequences
P01918073A0150|654 656|TnI
P01922082A0149|15 30|mouse TSH beta gene
P01922739A0336|17 20|ROSP
P01922739A0336|17 20|ROSP
P01923766A0485|193 197|exon 1
P01923803A0609|29 57|complete SsoL12 protein sequence
P01923803A0609|37 57|SsoL12 protein sequence
P01923985A0111|24 41|mastocyte mediators
P01924315A0158|76 79|SOD1
P01925092A0000|92 97|fibrin
P01925092A0304|86 111|tissue plasminogen activator
P01930470A0337|44 46|PTH
P01930470A0337|121 123|PTH
P01930660T0000|0 24|Insulin-like growth factor 1
P01930660T0000|26 30|IGF-1
P01931966A0490|8 16|ubiquitin
P01931966A0490|19 24|pADPRP
P01931966A0490|44 49|pADPRP
P01932650A0435|123 126|MBRS
P01933614A0406|11 26|salmon calcitonin
P01936348A0155|49 51|AmF
P01936997A0795|51 57|TRP-185
P01936997A0795|89 107|TAR RNA loop sequences
P01937989A0383|66 67|R2
P01939131A0871|43 47|nfo-2
P01939199A0588|0 20|Recombinant human TFIID
P01939199A0588|16 20|TFIID
P01939199A0588|106 110|TFIID
P01939878A0765|58 63|casein
P01939906A0233|20 22|MFP
P01942033T0000|60 78|muscle-specific exon
P01947449A0191|196 198|PO2
P01947449A0191|196 198|PO2
P01947449A1082|1 1|2
P01954355A0997|38 41|IL-1
P01954355A0997|45 47|TNF
P01956285A0000|56 63|bet genes
P01956491A0095|94 96|GFR
P01961996A0522|13 13|R
P01963419A0501|152 152|p
P01963419A0501|154 154|n
P01963438T0000|31 41|cytochrome c
P01967130A0645|16 23|EFIA cDNA
P01967130A0645|98 120|human DNA binding proteins
P01968043A0908|20 29|cDNA clones
P01968043A0908|63 68|pASB-1
P01968156T0000|21 34|botulinum toxin
P01968224A0119|150 163|Drosophila PCNA
P01968224A0119|187 207|human PCNA polypeptides
P01968224A0119|192 207|PCNA polypeptides
P01968224A0119|249 264|C-terminal region
P01970560A1024|25 45|aroF regulatory regions
P01970560A1024|48 51|lacZ
P01970560A1024|103 137|E. coli chromosome. beta-Galactosidase
P01970560A1024|120 137|beta-Galactosidase
P01970560A1024|172 175|aroF
P01970560A1024|177 180|lacZ
P01970560A1024|206 224|E. coli TyrR repressor
P01970801A0925|39 42|Ly-1
P01970801A0925|46 49|CD20
P01970801A0925|51 54|OSBP
P01970801A0925|143 154|chromosome 19
P01972379T0042|28 36|CPS domain
P01972379T0042|42 79|Syrian hamster multifunctional protein CAD
P01973384A0206|19 39|synthetic binding sites
P01974550A0362|14 16|CBF
P01974876A1051|110 114|BglII
P01975428A0151|79 87|linear DNA
P01977585A0222|27 36|protease-B
P01977585A0222|47 50|URA2
P01977585A0222|121 147|cAMP-dependent protein kinase
P01977856A1036|21 25|BSPMs
P01978834A0076|86 92|rabbit H
P01978834A0076|94 112|K-ATPase beta subunit
P01978857A0504|53 55|CD4
P01982061A0615|50 76|transcription initiation site
P01982061T0000|31 66|growth-regulated Syrian hamster CAD gene
P01982997A1104|13 46|immediate-early transcription factor
P01982997A1104|130 138|c-Jun mRNA
P01982997A1104|130 134|c-Jun
P01982997A1104|174 178|c-Fos
P01982997A1104|182 191|Jun-B mRNAs
P01983026A0483|85 86|CA
P01984665T0000|42 96|carboxy terminally truncated dengue-2 virus envelope proteins
P01985301T0000|19 20|MK
P01985920A0156|78 99|rat SCP2 protein sequence
P01985920A0156|81 99|SCP2 protein sequence
P01985920A0156|81 99|SCP2 protein sequence
P01985920A0156|81 84|SCP2
P01985920A0156|151 154|SCP2
P01985920T0000|42 75|rat liver sterol carrier protein 2 cDNAs
P01985924A0554|80 94|pol II holoenzyme
P01985924A0554|188 200|pol II delta 4/7
P01986225A0250|31 33|HSF
P01986241A0117|20 34|ACE1 gene product
P01986241A0117|66 79|promoter region
P01986241A0117|85 92|CUP1 gene
P01986241A0117|85 88|CUP1
P01986254A0452|28 43|synthetic E6 motif
P01986254A0452|53 74|B-cell-specific complex
P01986360A0000|19 57|interferon response element binding factors
P01986360A0000|19 43|interferon response element
P01986360A0000|154 193|mouse (2'-5')oligoadenylate synthetase gene
P01986360A0000|194 218|interferon response element
P01988041A0281|48 61|3018-bp BAL cDNA
P01989999A0000|0 25|Adenylosuccinate synthetase
P01989999A0000|27 29|IMP
P01989999A0000|31 47|L-aspartate ligase
P01989999A0000|49 51|GDP
P01989999A0000|54 62|EC 6.3.4.4
P01990266A0678|46 50|UHF-1
P01991521A0481|77 78|G4
P01992459A0000|59 88|human immunodeficiency virus mRNA
P01992459A0000|90 92|RRE
P01992459A0000|97 114|Rev response element
P01992459A0000|122 144|virus-encoded protein Rev
P01992459A0000|122 141|virus-encoded protein
P01992953T0000|0 22|Alanine aminotransferase
P01993181T0000|31 76|Pseudomonas putida PpG7 salicylate hydroxylase gene
P01993181T0000|78 81|nahG
P01993656A1860|6 13|ARF cDNAs
P01993656A1860|69 101|guanine nucleotide-binding proteins
P01995951A0000|3 20|long terminal repeat
P01995951A0000|22 24|LTR
P01995951A0000|31 61|human immunodeficiency virus (HIV)
P01995951A0000|31 56|human immunodeficiency virus
P01995951A0000|58 61|HIV)
P01995951A0000|93 116|transcriptional factor Sp1
P01995951A0000|114 116|Sp1
P01996312A0454|76 89|full-length one
P01996312A0454|91 100|Dd kinase-2
P01997465A0276|58 65|collagen
P02000093A0794|10 13|La-O
P02002051A0276|27 46|full-length cDNA clone
P02002051A0276|27 41|full-length cDNA
P02002051A0276|89 103|bovine C-subunit
P02002051T0000|0 12|Isoform C beta 2
P02002051T0000|32 53|bovine catalytic subunit
P02002051T0000|56 82|cAMP-dependent protein kinase
P02002511A0637|21 25|PB-PK
P02002511A0637|21 22|PB
P02002511A0637|24 25|PK
P02004705A0686|3 14|cdr1 sequence
P02010912A0366|73 88|MalT binding sites
P02010912A0366|121 125|pulAp
P02010912A0366|129 142|pulCp promoters
P02011924A0729|82 90|alpha-IFN
P02014928T0000|73 84|serum albumin
P02014928T0000|78 84|albumin
P02016053A0752|33 43|E74A protein
P02016053A0752|66 81|C-terminal region
P02016769A0720|36 44|promoters
P02019572A0000|13 24|DNA sequences
P02019572A0000|59 80|rat liver pyruvate kinase
P02019572A0000|82 91|L-PK) genes
P02019572A0000|122 166|chloramphenicol acetyltransferase reporter genes
P02019572A0000|235 249|L-PK gene cap site
P02020082A0356|63 67|AaDO2
P02020082A0356|63 67|AaDO2
P02020314A1290|29 34|GM-CSF
P02021630A1104|92 105|guanine N7 sites
P02022188A0112|38 47|BJ1 protein
P02022188A0112|156 180|high mobility group proteins
P02022188A0112|182 185|HMGs
P02022188A1463|